#
# There is insufficient memory for the Java Runtime Environment to continue.
# Native memory allocation (mmap) failed to map 51380224 bytes. Error detail: G1 virtual space
# Possible reasons:
#   The system is out of physical RAM or swap space
#   This process is running with CompressedOops enabled, and the Java Heap may be blocking the growth of the native heap
# Possible solutions:
#   Reduce memory load on the system
#   Increase physical memory or swap space
#   Check if swap backing store is full
#   Decrease Java heap size (-Xmx/-Xms)
#   Decrease number of Java threads
#   Decrease Java thread stack sizes (-Xss)
#   Set larger code cache with -XX:ReservedCodeCacheSize=
#   JVM is running with Unscaled Compressed Oops mode in which the Java heap is
#     placed in the first 4GB address space. The Java Heap base address is the
#     maximum limit for the native heap growth. Please use -XX:HeapBaseMinAddress
#     to set the Java Heap base and to place the Java Heap above 4GB virtual address.
# This output file may be truncated or incomplete.
#
#  Out of Memory Error (os_windows.cpp:3825), pid=24624, tid=24580
#
# JRE version: OpenJDK Runtime Environment (17.0.11) (build 17.0.11+0--11852314)
# Java VM: OpenJDK 64-Bit Server VM (17.0.11+0--11852314, mixed mode, tiered, compressed oops, compressed class ptrs, g1 gc, windows-amd64)
# No core dump will be written. Minidumps are not enabled by default on client versions of Windows
#

---------------  S U M M A R Y ------------

Command Line: --add-opens=java.base/java.util=ALL-UNNAMED --add-opens=java.base/java.lang=ALL-UNNAMED --add-opens=java.base/java.lang.invoke=ALL-UNNAMED --add-opens=java.prefs/java.util.prefs=ALL-UNNAMED --add-opens=java.base/java.nio.charset=ALL-UNNAMED --add-opens=java.base/java.net=ALL-UNNAMED --add-opens=java.base/java.util.concurrent.atomic=ALL-UNNAMED -Xmx2048m -Dfile.encoding=UTF-8 -Duser.country=ID -Duser.language=en -Duser.variant -javaagent:C:\Users\LENOVO\.gradle\wrapper\dists\gradle-8.7-bin\bhs2wmbdwecv87pi65oeuq5iu\gradle-8.7\lib\agents\gradle-instrumentation-agent-8.7.jar org.gradle.launcher.daemon.bootstrap.GradleDaemon 8.7

Host: 12th Gen Intel(R) Core(TM) i5-12450HX, 12 cores, 11G,  Windows 11 , 64 bit Build 22621 (10.0.22621.3958)
Time: Tue Nov  5 19:34:46 2024 SE Asia Standard Time elapsed time: 10.600803 seconds (0d 0h 0m 10s)

---------------  T H R E A D  ---------------

Current thread (0x0000016b4ba6eb50):  VMThread "VM Thread" [stack: 0x0000006054500000,0x0000006054600000] [id=24580]

Stack: [0x0000006054500000,0x0000006054600000]
Native frames: (J=compiled Java code, j=interpreted, Vv=VM code, C=native code)
V  [jvm.dll+0x687bb9]
V  [jvm.dll+0x84142a]
V  [jvm.dll+0x8430ae]
V  [jvm.dll+0x843713]
V  [jvm.dll+0x24a35f]
V  [jvm.dll+0x684989]
V  [jvm.dll+0x67923a]
V  [jvm.dll+0x30af0b]
V  [jvm.dll+0x3123b6]
V  [jvm.dll+0x361dfe]
V  [jvm.dll+0x36202f]
V  [jvm.dll+0x2e0d38]
V  [jvm.dll+0x2df144]
V  [jvm.dll+0x2de74c]
V  [jvm.dll+0x32305b]
V  [jvm.dll+0x847e0b]
V  [jvm.dll+0x848b42]
V  [jvm.dll+0x84905d]
V  [jvm.dll+0x849434]
V  [jvm.dll+0x849500]
V  [jvm.dll+0x7efa4a]
V  [jvm.dll+0x686a35]
C  [ucrtbase.dll+0x29333]
C  [KERNEL32.DLL+0x1257d]
C  [ntdll.dll+0x5af08]

VM_Operation (0x0000006055cf2900): G1CollectForAllocation, mode: safepoint, requested by thread 0x0000016b51a60c30


---------------  P R O C E S S  ---------------

Threads class SMR info:
_java_thread_list=0x0000016b521b82f0, length=57, elements={
0x0000016b2f802690, 0x0000016b4bbc82c0, 0x0000016b4bbc9050, 0x0000016b4bc0f2b0,
0x0000016b4bc10040, 0x0000016b4bc11c10, 0x0000016b4bc145e0, 0x0000016b4bc20890,
0x0000016b4bc21340, 0x0000016b4bc21d40, 0x0000016b4ba22000, 0x0000016b4be63590,
0x0000016b517fe030, 0x0000016b516aeb40, 0x0000016b51c0b040, 0x0000016b51954000,
0x0000016b51a49a00, 0x0000016b51a62910, 0x0000016b51a60c30, 0x0000016b5196e060,
0x0000016b5196e570, 0x0000016b51971300, 0x0000016b5196fec0, 0x0000016b5196ef90,
0x0000016b51971810, 0x0000016b519708e0, 0x0000016b51970df0, 0x0000016b519703d0,
0x0000016b5196ea80, 0x0000016b5196f4a0, 0x0000016b5358b4a0, 0x0000016b5358b9b0,
0x0000016b5358c8e0, 0x0000016b535905a0, 0x0000016b5358d300, 0x0000016b5358d810,
0x0000016b5358a060, 0x0000016b5358af90, 0x0000016b5358ec50, 0x0000016b5358bec0,
0x0000016b535919e0, 0x0000016b5358c3d0, 0x0000016b53590ab0, 0x0000016b5358e230,
0x0000016b5358cdf0, 0x0000016b5358dd20, 0x0000016b5358e740, 0x0000016b5358f160,
0x0000016b535914d0, 0x0000016b5358f670, 0x0000016b5358fb80, 0x0000016b53590090,
0x0000016b53590fc0, 0x0000016b53b16f30, 0x0000016b53b1b610, 0x0000016b53b18880,
0x0000016b53b146b0
}

Java Threads: ( => current thread )
  0x0000016b2f802690 JavaThread "main" [_thread_blocked, id=21508, stack(0x0000006053f00000,0x0000006054000000)]
  0x0000016b4bbc82c0 JavaThread "Reference Handler" daemon [_thread_blocked, id=33352, stack(0x0000006054600000,0x0000006054700000)]
  0x0000016b4bbc9050 JavaThread "Finalizer" daemon [_thread_blocked, id=13344, stack(0x0000006054700000,0x0000006054800000)]
  0x0000016b4bc0f2b0 JavaThread "Signal Dispatcher" daemon [_thread_blocked, id=32396, stack(0x0000006054800000,0x0000006054900000)]
  0x0000016b4bc10040 JavaThread "Attach Listener" daemon [_thread_blocked, id=12000, stack(0x0000006054900000,0x0000006054a00000)]
  0x0000016b4bc11c10 JavaThread "Service Thread" daemon [_thread_blocked, id=10272, stack(0x0000006054a00000,0x0000006054b00000)]
  0x0000016b4bc145e0 JavaThread "Monitor Deflation Thread" daemon [_thread_blocked, id=25416, stack(0x0000006054b00000,0x0000006054c00000)]
  0x0000016b4bc20890 JavaThread "C2 CompilerThread0" daemon [_thread_blocked, id=16704, stack(0x0000006054c00000,0x0000006054d00000)]
  0x0000016b4bc21340 JavaThread "C1 CompilerThread0" daemon [_thread_blocked, id=35212, stack(0x0000006054d00000,0x0000006054e00000)]
  0x0000016b4bc21d40 JavaThread "Sweeper thread" daemon [_thread_blocked, id=30248, stack(0x0000006054e00000,0x0000006054f00000)]
  0x0000016b4ba22000 JavaThread "Common-Cleaner" daemon [_thread_blocked, id=15296, stack(0x0000006054f00000,0x0000006055000000)]
  0x0000016b4be63590 JavaThread "Notification Thread" daemon [_thread_blocked, id=31976, stack(0x0000006055000000,0x0000006055100000)]
  0x0000016b517fe030 JavaThread "Daemon health stats" [_thread_blocked, id=23376, stack(0x0000006055600000,0x0000006055700000)]
  0x0000016b516aeb40 JavaThread "Incoming local TCP Connector on port 49518" [_thread_in_native, id=6068, stack(0x0000006055700000,0x0000006055800000)]
  0x0000016b51c0b040 JavaThread "Daemon periodic checks" [_thread_blocked, id=17164, stack(0x0000006055800000,0x0000006055900000)]
  0x0000016b51954000 JavaThread "Daemon" [_thread_blocked, id=21856, stack(0x0000006055900000,0x0000006055a00000)]
  0x0000016b51a49a00 JavaThread "Handler for socket connection from /127.0.0.1:49518 to /127.0.0.1:49519" [_thread_in_native, id=34932, stack(0x0000006055a00000,0x0000006055b00000)]
  0x0000016b51a62910 JavaThread "Cancel handler" [_thread_blocked, id=34596, stack(0x0000006055b00000,0x0000006055c00000)]
  0x0000016b51a60c30 JavaThread "Daemon worker" [_thread_blocked, id=26012, stack(0x0000006055c00000,0x0000006055d00000)]
  0x0000016b5196e060 JavaThread "Asynchronous log dispatcher for DefaultDaemonConnection: socket connection from /127.0.0.1:49518 to /127.0.0.1:49519" [_thread_blocked, id=35048, stack(0x0000006055d00000,0x0000006055e00000)]
  0x0000016b5196e570 JavaThread "Stdin handler" [_thread_blocked, id=18380, stack(0x0000006055e00000,0x0000006055f00000)]
  0x0000016b51971300 JavaThread "Daemon client event forwarder" [_thread_blocked, id=2300, stack(0x0000006055f00000,0x0000006056000000)]
  0x0000016b5196fec0 JavaThread "Cache worker for journal cache (C:\Users\LENOVO\.gradle\caches\journal-1)" [_thread_blocked, id=34644, stack(0x0000006056700000,0x0000006056800000)]
  0x0000016b5196ef90 JavaThread "File lock request listener" [_thread_in_native, id=1916, stack(0x0000006056800000,0x0000006056900000)]
  0x0000016b51971810 JavaThread "Cache worker for file hash cache (C:\Users\LENOVO\.gradle\caches\8.7\fileHashes)" [_thread_blocked, id=29192, stack(0x0000006056900000,0x0000006056a00000)]
  0x0000016b519708e0 JavaThread "Cache worker for file hash cache (C:\Users\LENOVO\AndroidStudioProjects\RecyclerViewImage\.gradle\8.7\fileHashes)" [_thread_blocked, id=20164, stack(0x0000006056a00000,0x0000006056b00000)]
  0x0000016b51970df0 JavaThread "File watcher server" daemon [_thread_blocked, id=25276, stack(0x0000006056b00000,0x0000006056c00000)]
  0x0000016b519703d0 JavaThread "File watcher consumer" daemon [_thread_blocked, id=7272, stack(0x0000006056c00000,0x0000006056d00000)]
  0x0000016b5196ea80 JavaThread "Cache worker for checksums cache (C:\Users\LENOVO\AndroidStudioProjects\RecyclerViewImage\.gradle\8.7\checksums)" [_thread_blocked, id=8644, stack(0x0000006056d00000,0x0000006056e00000)]
  0x0000016b5196f4a0 JavaThread "Cache worker for cache directory md-supplier (C:\Users\LENOVO\.gradle\caches\8.7\md-supplier)" [_thread_blocked, id=22236, stack(0x0000006056e00000,0x0000006056f00000)]
  0x0000016b5358b4a0 JavaThread "Cache worker for cache directory md-rule (C:\Users\LENOVO\.gradle\caches\8.7\md-rule)" [_thread_blocked, id=30888, stack(0x0000006056f00000,0x0000006057000000)]
  0x0000016b5358b9b0 JavaThread "Cache worker for file content cache (C:\Users\LENOVO\.gradle\caches\8.7\fileContent)" [_thread_blocked, id=29920, stack(0x0000006057000000,0x0000006057100000)]
  0x0000016b5358c8e0 JavaThread "Cache worker for Build Output Cleanup Cache (C:\Users\LENOVO\AndroidStudioProjects\RecyclerViewImage\.gradle\buildOutputCleanup)" [_thread_blocked, id=26080, stack(0x0000006057100000,0x0000006057200000)]
  0x0000016b535905a0 JavaThread "Unconstrained build operations" [_thread_blocked, id=8756, stack(0x0000006057200000,0x0000006057300000)]
  0x0000016b5358d300 JavaThread "Unconstrained build operations Thread 2" [_thread_blocked, id=19064, stack(0x0000006057300000,0x0000006057400000)]
  0x0000016b5358d810 JavaThread "Unconstrained build operations Thread 3" [_thread_blocked, id=15124, stack(0x0000006057400000,0x0000006057500000)]
  0x0000016b5358a060 JavaThread "Unconstrained build operations Thread 4" [_thread_blocked, id=26728, stack(0x0000006057500000,0x0000006057600000)]
  0x0000016b5358af90 JavaThread "Unconstrained build operations Thread 5" [_thread_blocked, id=31068, stack(0x0000006057600000,0x0000006057700000)]
  0x0000016b5358ec50 JavaThread "Unconstrained build operations Thread 6" [_thread_blocked, id=32672, stack(0x0000006057700000,0x0000006057800000)]
  0x0000016b5358bec0 JavaThread "Unconstrained build operations Thread 7" [_thread_blocked, id=31028, stack(0x0000006057800000,0x0000006057900000)]
  0x0000016b535919e0 JavaThread "Unconstrained build operations Thread 8" [_thread_blocked, id=27920, stack(0x0000006057900000,0x0000006057a00000)]
  0x0000016b5358c3d0 JavaThread "Unconstrained build operations Thread 9" [_thread_blocked, id=3680, stack(0x0000006057a00000,0x0000006057b00000)]
  0x0000016b53590ab0 JavaThread "Unconstrained build operations Thread 10" [_thread_blocked, id=2252, stack(0x0000006057b00000,0x0000006057c00000)]
  0x0000016b5358e230 JavaThread "Unconstrained build operations Thread 11" [_thread_blocked, id=25132, stack(0x0000006057c00000,0x0000006057d00000)]
  0x0000016b5358cdf0 JavaThread "Unconstrained build operations Thread 12" [_thread_blocked, id=3780, stack(0x0000006057d00000,0x0000006057e00000)]
  0x0000016b5358dd20 JavaThread "Unconstrained build operations Thread 13" [_thread_blocked, id=12420, stack(0x0000006057e00000,0x0000006057f00000)]
  0x0000016b5358e740 JavaThread "Unconstrained build operations Thread 14" [_thread_blocked, id=10600, stack(0x0000006057f00000,0x0000006058000000)]
  0x0000016b5358f160 JavaThread "Unconstrained build operations Thread 15" [_thread_blocked, id=26724, stack(0x0000006058000000,0x0000006058100000)]
  0x0000016b535914d0 JavaThread "Unconstrained build operations Thread 16" [_thread_blocked, id=21364, stack(0x0000006058100000,0x0000006058200000)]
  0x0000016b5358f670 JavaThread "Unconstrained build operations Thread 17" [_thread_blocked, id=28472, stack(0x0000006058200000,0x0000006058300000)]
  0x0000016b5358fb80 JavaThread "Unconstrained build operations Thread 18" [_thread_blocked, id=8148, stack(0x0000006058300000,0x0000006058400000)]
  0x0000016b53590090 JavaThread "Unconstrained build operations Thread 19" [_thread_blocked, id=12728, stack(0x0000006058400000,0x0000006058500000)]
  0x0000016b53590fc0 JavaThread "Unconstrained build operations Thread 20" [_thread_blocked, id=15928, stack(0x0000006058500000,0x0000006058600000)]
  0x0000016b53b16f30 JavaThread "Unconstrained build operations Thread 21" [_thread_blocked, id=8540, stack(0x0000006058600000,0x0000006058700000)]
  0x0000016b53b1b610 JavaThread "Unconstrained build operations Thread 22" [_thread_blocked, id=35812, stack(0x0000006058700000,0x0000006058800000)]
  0x0000016b53b18880 JavaThread "build event listener" [_thread_blocked, id=23040, stack(0x0000006058800000,0x0000006058900000)]
  0x0000016b53b146b0 JavaThread "Memory manager" [_thread_blocked, id=31740, stack(0x0000006058900000,0x0000006058a00000)]

Other Threads:
=>0x0000016b4ba6eb50 VMThread "VM Thread" [stack: 0x0000006054500000,0x0000006054600000] [id=24580]
  0x0000016b2f803510 WatcherThread [stack: 0x0000006055100000,0x0000006055200000] [id=33956]
  0x0000016b2f63e870 GCTaskThread "GC Thread#0" [stack: 0x0000006054000000,0x0000006054100000] [id=29308]
  0x0000016b50968b90 GCTaskThread "GC Thread#1" [stack: 0x0000006055200000,0x0000006055300000] [id=35428]
  0x0000016b50968e50 GCTaskThread "GC Thread#2" [stack: 0x0000006055300000,0x0000006055400000] [id=27372]
  0x0000016b50969110 GCTaskThread "GC Thread#3" [stack: 0x0000006055400000,0x0000006055500000] [id=11144]
  0x0000016b50d46c80 GCTaskThread "GC Thread#4" [stack: 0x0000006055500000,0x0000006055600000] [id=35220]
  0x0000016b5197f370 GCTaskThread "GC Thread#5" [stack: 0x0000006056000000,0x0000006056100000] [id=20964]
  0x0000016b5175c190 GCTaskThread "GC Thread#6" [stack: 0x0000006056100000,0x0000006056200000] [id=27776]
  0x0000016b51768950 GCTaskThread "GC Thread#7" [stack: 0x0000006056200000,0x0000006056300000] [id=16364]
  0x0000016b51c39070 GCTaskThread "GC Thread#8" [stack: 0x0000006056300000,0x0000006056400000] [id=23116]
  0x0000016b51c398b0 GCTaskThread "GC Thread#9" [stack: 0x0000006056400000,0x0000006056500000] [id=4756]
  0x0000016b2f86a660 ConcurrentGCThread "G1 Main Marker" [stack: 0x0000006054100000,0x0000006054200000] [id=32508]
  0x0000016b2f86af90 ConcurrentGCThread "G1 Conc#0" [stack: 0x0000006054200000,0x0000006054300000] [id=22924]
  0x0000016b51c3a670 ConcurrentGCThread "G1 Conc#1" [stack: 0x0000006056500000,0x0000006056600000] [id=912]
  0x0000016b51c3a3b0 ConcurrentGCThread "G1 Conc#2" [stack: 0x0000006056600000,0x0000006056700000] [id=35176]
  0x0000016b4b8ea5b0 ConcurrentGCThread "G1 Refine#0" [stack: 0x0000006054300000,0x0000006054400000] [id=35060]
  0x0000016b4b8eafe0 ConcurrentGCThread "G1 Service" [stack: 0x0000006054400000,0x0000006054500000] [id=7620]

Threads with active compile tasks:
C2 CompilerThread0    10625 7460   !   4       java.util.zip.ZipFile::getInputStream (275 bytes)

VM state: at safepoint (normal execution)

VM Mutex/Monitor currently owned by a thread:  ([mutex/lock_event])
[0x0000016b2f7fe4e0] Threads_lock - owner thread: 0x0000016b4ba6eb50
[0x0000016b2f7fe600] Heap_lock - owner thread: 0x0000016b51a60c30

Heap address: 0x0000000080000000, size: 2048 MB, Compressed Oops mode: 32-bit

CDS archive(s) not mapped
Compressed class space mapped at: 0x0000000100000000-0x0000000140000000, reserved size: 1073741824
Narrow klass base: 0x0000000000000000, Narrow klass shift: 3, Narrow klass range: 0x140000000

GC Precious Log:
 CPUs: 12 total, 12 available
 Memory: 11995M
 Large Page Support: Disabled
 NUMA Support: Disabled
 Compressed Oops: Enabled (32-bit)
 Heap Region Size: 1M
 Heap Min Capacity: 8M
 Heap Initial Capacity: 188M
 Heap Max Capacity: 2G
 Pre-touch: Disabled
 Parallel Workers: 10
 Concurrent Workers: 3
 Concurrent Refinement Workers: 10
 Periodic GC: Disabled

Heap:
 garbage-first heap   total 144384K, used 70448K [0x0000000080000000, 0x0000000100000000)
  region size 1024K, 4 young (4096K), 4 survivors (4096K)
 Metaspace       used 67234K, committed 67776K, reserved 1114112K
  class space    used 9135K, committed 9408K, reserved 1048576K

Heap Regions: E=young(eden), S=young(survivor), O=old, HS=humongous(starts), HC=humongous(continues), CS=collection set, F=free, OA=open archive, CA=closed archive, TAMS=top-at-mark-start (previous, next)
|   0|0x0000000080000000, 0x0000000080100000, 0x0000000080100000|100%|HS|  |TAMS 0x0000000080100000, 0x0000000080100000| Complete 
|   1|0x0000000080100000, 0x0000000080200000, 0x0000000080200000|100%|HC|  |TAMS 0x0000000080200000, 0x0000000080200000| Complete 
|   2|0x0000000080200000, 0x0000000080300000, 0x0000000080300000|100%|HC|  |TAMS 0x0000000080300000, 0x0000000080300000| Complete 
|   3|0x0000000080300000, 0x0000000080400000, 0x0000000080400000|100%|HC|  |TAMS 0x0000000080400000, 0x0000000080400000| Complete 
|   4|0x0000000080400000, 0x0000000080500000, 0x0000000080500000|100%| O|  |TAMS 0x0000000080500000, 0x0000000080500000| Untracked 
|   5|0x0000000080500000, 0x0000000080600000, 0x0000000080600000|100%| O|  |TAMS 0x0000000080600000, 0x0000000080600000| Untracked 
|   6|0x0000000080600000, 0x0000000080700000, 0x0000000080700000|100%| O|  |TAMS 0x0000000080700000, 0x0000000080700000| Untracked 
|   7|0x0000000080700000, 0x0000000080800000, 0x0000000080800000|100%| O|  |TAMS 0x0000000080800000, 0x0000000080800000| Untracked 
|   8|0x0000000080800000, 0x0000000080900000, 0x0000000080900000|100%| O|  |TAMS 0x0000000080900000, 0x0000000080900000| Untracked 
|   9|0x0000000080900000, 0x0000000080a00000, 0x0000000080a00000|100%| O|  |TAMS 0x0000000080a00000, 0x0000000080a00000| Untracked 
|  10|0x0000000080a00000, 0x0000000080b00000, 0x0000000080b00000|100%|HS|  |TAMS 0x0000000080b00000, 0x0000000080b00000| Complete 
|  11|0x0000000080b00000, 0x0000000080c00000, 0x0000000080c00000|100%| O|  |TAMS 0x0000000080c00000, 0x0000000080c00000| Untracked 
|  12|0x0000000080c00000, 0x0000000080d00000, 0x0000000080d00000|100%| O|  |TAMS 0x0000000080d00000, 0x0000000080d00000| Untracked 
|  13|0x0000000080d00000, 0x0000000080e00000, 0x0000000080e00000|100%| O|  |TAMS 0x0000000080e00000, 0x0000000080e00000| Untracked 
|  14|0x0000000080e00000, 0x0000000080f00000, 0x0000000080f00000|100%| O|  |TAMS 0x0000000080f00000, 0x0000000080f00000| Untracked 
|  15|0x0000000080f00000, 0x0000000081000000, 0x0000000081000000|100%| O|  |TAMS 0x0000000081000000, 0x0000000081000000| Untracked 
|  16|0x0000000081000000, 0x0000000081100000, 0x0000000081100000|100%| O|  |TAMS 0x0000000081100000, 0x0000000081100000| Untracked 
|  17|0x0000000081100000, 0x0000000081200000, 0x0000000081200000|100%| O|  |TAMS 0x0000000081200000, 0x0000000081200000| Untracked 
|  18|0x0000000081200000, 0x0000000081300000, 0x0000000081300000|100%| O|  |TAMS 0x0000000081300000, 0x0000000081300000| Untracked 
|  19|0x0000000081300000, 0x0000000081400000, 0x0000000081400000|100%| O|  |TAMS 0x0000000081400000, 0x0000000081400000| Untracked 
|  20|0x0000000081400000, 0x0000000081500000, 0x0000000081500000|100%| O|  |TAMS 0x0000000081500000, 0x0000000081500000| Untracked 
|  21|0x0000000081500000, 0x0000000081600000, 0x0000000081600000|100%| O|  |TAMS 0x0000000081600000, 0x0000000081600000| Untracked 
|  22|0x0000000081600000, 0x0000000081700000, 0x0000000081700000|100%| O|  |TAMS 0x0000000081700000, 0x0000000081700000| Untracked 
|  23|0x0000000081700000, 0x0000000081800000, 0x0000000081800000|100%| O|  |TAMS 0x0000000081700000, 0x0000000081800000| Untracked 
|  24|0x0000000081800000, 0x0000000081900000, 0x0000000081900000|100%| O|  |TAMS 0x0000000081900000, 0x0000000081900000| Untracked 
|  25|0x0000000081900000, 0x0000000081a00000, 0x0000000081a00000|100%| O|  |TAMS 0x0000000081a00000, 0x0000000081a00000| Untracked 
|  26|0x0000000081a00000, 0x0000000081b00000, 0x0000000081b00000|100%| O|  |TAMS 0x0000000081b00000, 0x0000000081b00000| Untracked 
|  27|0x0000000081b00000, 0x0000000081c00000, 0x0000000081c00000|100%| O|  |TAMS 0x0000000081c00000, 0x0000000081c00000| Untracked 
|  28|0x0000000081c00000, 0x0000000081d00000, 0x0000000081d00000|100%| O|  |TAMS 0x0000000081d00000, 0x0000000081d00000| Untracked 
|  29|0x0000000081d00000, 0x0000000081e00000, 0x0000000081e00000|100%| O|  |TAMS 0x0000000081e00000, 0x0000000081e00000| Untracked 
|  30|0x0000000081e00000, 0x0000000081f00000, 0x0000000081f00000|100%| O|  |TAMS 0x0000000081f00000, 0x0000000081f00000| Untracked 
|  31|0x0000000081f00000, 0x0000000081f00000, 0x0000000082000000|  0%| F|  |TAMS 0x0000000081f00000, 0x0000000081f00000| Untracked 
|  32|0x0000000082000000, 0x0000000082100000, 0x0000000082100000|100%| O|  |TAMS 0x0000000082100000, 0x0000000082100000| Untracked 
|  33|0x0000000082100000, 0x0000000082200000, 0x0000000082200000|100%| O|  |TAMS 0x0000000082200000, 0x0000000082200000| Untracked 
|  34|0x0000000082200000, 0x0000000082300000, 0x0000000082300000|100%| O|  |TAMS 0x0000000082300000, 0x0000000082300000| Untracked 
|  35|0x0000000082300000, 0x0000000082400000, 0x0000000082400000|100%| O|  |TAMS 0x0000000082400000, 0x0000000082400000| Untracked 
|  36|0x0000000082400000, 0x0000000082500000, 0x0000000082500000|100%| O|  |TAMS 0x0000000082500000, 0x0000000082500000| Untracked 
|  37|0x0000000082500000, 0x0000000082600000, 0x0000000082600000|100%| O|  |TAMS 0x0000000082600000, 0x0000000082600000| Untracked 
|  38|0x0000000082600000, 0x0000000082700000, 0x0000000082700000|100%|HS|  |TAMS 0x0000000082700000, 0x0000000082700000| Complete 
|  39|0x0000000082700000, 0x0000000082800000, 0x0000000082800000|100%|HS|  |TAMS 0x0000000082800000, 0x0000000082800000| Complete 
|  40|0x0000000082800000, 0x0000000082900000, 0x0000000082900000|100%| O|  |TAMS 0x0000000082900000, 0x0000000082900000| Untracked 
|  41|0x0000000082900000, 0x0000000082a00000, 0x0000000082a00000|100%| O|  |TAMS 0x0000000082a00000, 0x0000000082a00000| Untracked 
|  42|0x0000000082a00000, 0x0000000082b00000, 0x0000000082b00000|100%|HS|  |TAMS 0x0000000082b00000, 0x0000000082b00000| Complete 
|  43|0x0000000082b00000, 0x0000000082c00000, 0x0000000082c00000|100%|HC|  |TAMS 0x0000000082c00000, 0x0000000082c00000| Complete 
|  44|0x0000000082c00000, 0x0000000082d00000, 0x0000000082d00000|100%|HS|  |TAMS 0x0000000082d00000, 0x0000000082d00000| Complete 
|  45|0x0000000082d00000, 0x0000000082e00000, 0x0000000082e00000|100%|HC|  |TAMS 0x0000000082e00000, 0x0000000082e00000| Complete 
|  46|0x0000000082e00000, 0x0000000082f00000, 0x0000000082f00000|100%|HS|  |TAMS 0x0000000082f00000, 0x0000000082f00000| Complete 
|  47|0x0000000082f00000, 0x0000000083000000, 0x0000000083000000|100%|HS|  |TAMS 0x0000000083000000, 0x0000000083000000| Complete 
|  48|0x0000000083000000, 0x0000000083100000, 0x0000000083100000|100%|HC|  |TAMS 0x0000000083100000, 0x0000000083100000| Complete 
|  49|0x0000000083100000, 0x0000000083200000, 0x0000000083200000|100%|HC|  |TAMS 0x0000000083200000, 0x0000000083200000| Complete 
|  50|0x0000000083200000, 0x0000000083300000, 0x0000000083300000|100%|HC|  |TAMS 0x0000000083300000, 0x0000000083300000| Complete 
|  51|0x0000000083300000, 0x0000000083400000, 0x0000000083400000|100%|HS|  |TAMS 0x0000000083400000, 0x0000000083400000| Complete 
|  52|0x0000000083400000, 0x0000000083500000, 0x0000000083500000|100%| O|  |TAMS 0x0000000083500000, 0x0000000083500000| Untracked 
|  53|0x0000000083500000, 0x0000000083600000, 0x0000000083600000|100%|HS|  |TAMS 0x0000000083600000, 0x0000000083600000| Complete 
|  54|0x0000000083600000, 0x0000000083700000, 0x0000000083700000|100%| O|  |TAMS 0x0000000083700000, 0x0000000083700000| Untracked 
|  55|0x0000000083700000, 0x0000000083800000, 0x0000000083800000|100%| O|  |TAMS 0x0000000083800000, 0x0000000083800000| Untracked 
|  56|0x0000000083800000, 0x0000000083900000, 0x0000000083900000|100%| O|  |TAMS 0x0000000083900000, 0x0000000083900000| Untracked 
|  57|0x0000000083900000, 0x0000000083a00000, 0x0000000083a00000|100%| O|  |TAMS 0x0000000083a00000, 0x0000000083a00000| Untracked 
|  58|0x0000000083a00000, 0x0000000083b00000, 0x0000000083b00000|100%| O|  |TAMS 0x0000000083a83600, 0x0000000083b00000| Untracked 
|  59|0x0000000083b00000, 0x0000000083bd3800, 0x0000000083c00000| 82%| O|  |TAMS 0x0000000083b00000, 0x0000000083bd3800| Untracked 
|  60|0x0000000083c00000, 0x0000000083c00000, 0x0000000083d00000|  0%| F|  |TAMS 0x0000000083c00000, 0x0000000083c00000| Untracked 
|  61|0x0000000083d00000, 0x0000000083d00000, 0x0000000083e00000|  0%| F|  |TAMS 0x0000000083d00000, 0x0000000083d00000| Untracked 
|  62|0x0000000083e00000, 0x0000000083f00000, 0x0000000083f00000|100%| O|  |TAMS 0x0000000083f00000, 0x0000000083f00000| Untracked 
|  63|0x0000000083f00000, 0x0000000084000000, 0x0000000084000000|100%| O|  |TAMS 0x0000000084000000, 0x0000000084000000| Untracked 
|  64|0x0000000084000000, 0x0000000084100000, 0x0000000084100000|100%| O|  |TAMS 0x0000000084100000, 0x0000000084100000| Untracked 
|  65|0x0000000084100000, 0x0000000084100000, 0x0000000084200000|  0%| F|  |TAMS 0x0000000084100000, 0x0000000084100000| Untracked 
|  66|0x0000000084200000, 0x0000000084300000, 0x0000000084300000|100%|HS|  |TAMS 0x0000000084200000, 0x0000000084300000| Complete 
|  67|0x0000000084300000, 0x0000000084300000, 0x0000000084400000|  0%| F|  |TAMS 0x0000000084300000, 0x0000000084300000| Untracked 
|  68|0x0000000084400000, 0x0000000084400000, 0x0000000084500000|  0%| F|  |TAMS 0x0000000084400000, 0x0000000084400000| Untracked 
|  69|0x0000000084500000, 0x0000000084500000, 0x0000000084600000|  0%| F|  |TAMS 0x0000000084500000, 0x0000000084500000| Untracked 
|  70|0x0000000084600000, 0x0000000084600000, 0x0000000084700000|  0%| F|  |TAMS 0x0000000084600000, 0x0000000084600000| Untracked 
|  71|0x0000000084700000, 0x0000000084700000, 0x0000000084800000|  0%| F|  |TAMS 0x0000000084700000, 0x0000000084700000| Untracked 
|  72|0x0000000084800000, 0x0000000084800000, 0x0000000084900000|  0%| F|  |TAMS 0x0000000084800000, 0x0000000084800000| Untracked 
|  73|0x0000000084900000, 0x0000000084900000, 0x0000000084a00000|  0%| F|  |TAMS 0x0000000084900000, 0x0000000084900000| Untracked 
|  74|0x0000000084a00000, 0x0000000084a00000, 0x0000000084b00000|  0%| F|  |TAMS 0x0000000084a00000, 0x0000000084a00000| Untracked 
|  75|0x0000000084b00000, 0x0000000084b00000, 0x0000000084c00000|  0%| F|  |TAMS 0x0000000084b00000, 0x0000000084b00000| Untracked 
|  76|0x0000000084c00000, 0x0000000084cf8a80, 0x0000000084d00000| 97%| S|CS|TAMS 0x0000000084c00000, 0x0000000084c00000| Complete 
|  77|0x0000000084d00000, 0x0000000084e00000, 0x0000000084e00000|100%| S|CS|TAMS 0x0000000084d00000, 0x0000000084d00000| Complete 
|  78|0x0000000084e00000, 0x0000000084f00000, 0x0000000084f00000|100%| S|CS|TAMS 0x0000000084e00000, 0x0000000084e00000| Complete 
|  79|0x0000000084f00000, 0x0000000085000000, 0x0000000085000000|100%| S|CS|TAMS 0x0000000084f00000, 0x0000000084f00000| Complete 
|  80|0x0000000085000000, 0x0000000085000000, 0x0000000085100000|  0%| F|  |TAMS 0x0000000085000000, 0x0000000085000000| Untracked 
|  81|0x0000000085100000, 0x0000000085100000, 0x0000000085200000|  0%| F|  |TAMS 0x0000000085100000, 0x0000000085100000| Untracked 
|  82|0x0000000085200000, 0x0000000085200000, 0x0000000085300000|  0%| F|  |TAMS 0x0000000085200000, 0x0000000085200000| Untracked 
|  83|0x0000000085300000, 0x0000000085300000, 0x0000000085400000|  0%| F|  |TAMS 0x0000000085300000, 0x0000000085300000| Untracked 
|  84|0x0000000085400000, 0x0000000085400000, 0x0000000085500000|  0%| F|  |TAMS 0x0000000085400000, 0x0000000085400000| Untracked 
|  85|0x0000000085500000, 0x0000000085500000, 0x0000000085600000|  0%| F|  |TAMS 0x0000000085500000, 0x0000000085500000| Untracked 
|  86|0x0000000085600000, 0x0000000085600000, 0x0000000085700000|  0%| F|  |TAMS 0x0000000085600000, 0x0000000085600000| Untracked 
|  87|0x0000000085700000, 0x0000000085700000, 0x0000000085800000|  0%| F|  |TAMS 0x0000000085700000, 0x0000000085700000| Untracked 
|  88|0x0000000085800000, 0x0000000085800000, 0x0000000085900000|  0%| F|  |TAMS 0x0000000085800000, 0x0000000085800000| Untracked 
|  89|0x0000000085900000, 0x0000000085900000, 0x0000000085a00000|  0%| F|  |TAMS 0x0000000085900000, 0x0000000085900000| Untracked 
|  90|0x0000000085a00000, 0x0000000085a00000, 0x0000000085b00000|  0%| F|  |TAMS 0x0000000085a00000, 0x0000000085a00000| Untracked 
|  91|0x0000000085b00000, 0x0000000085b00000, 0x0000000085c00000|  0%| F|  |TAMS 0x0000000085b00000, 0x0000000085b00000| Untracked 
|  92|0x0000000085c00000, 0x0000000085c00000, 0x0000000085d00000|  0%| F|  |TAMS 0x0000000085c00000, 0x0000000085c00000| Untracked 
|  93|0x0000000085d00000, 0x0000000085d00000, 0x0000000085e00000|  0%| F|  |TAMS 0x0000000085d00000, 0x0000000085d00000| Untracked 
|  94|0x0000000085e00000, 0x0000000085e00000, 0x0000000085f00000|  0%| F|  |TAMS 0x0000000085e00000, 0x0000000085e00000| Untracked 
|  95|0x0000000085f00000, 0x0000000085f00000, 0x0000000086000000|  0%| F|  |TAMS 0x0000000085f00000, 0x0000000085f00000| Untracked 
|  96|0x0000000086000000, 0x0000000086000000, 0x0000000086100000|  0%| F|  |TAMS 0x0000000086000000, 0x0000000086000000| Untracked 
|  97|0x0000000086100000, 0x0000000086100000, 0x0000000086200000|  0%| F|  |TAMS 0x0000000086100000, 0x0000000086100000| Untracked 
|  98|0x0000000086200000, 0x0000000086200000, 0x0000000086300000|  0%| F|  |TAMS 0x0000000086200000, 0x0000000086200000| Untracked 
|  99|0x0000000086300000, 0x0000000086300000, 0x0000000086400000|  0%| F|  |TAMS 0x0000000086300000, 0x0000000086300000| Untracked 
| 100|0x0000000086400000, 0x0000000086400000, 0x0000000086500000|  0%| F|  |TAMS 0x0000000086400000, 0x0000000086400000| Untracked 
| 101|0x0000000086500000, 0x0000000086500000, 0x0000000086600000|  0%| F|  |TAMS 0x0000000086500000, 0x0000000086500000| Untracked 
| 102|0x0000000086600000, 0x0000000086600000, 0x0000000086700000|  0%| F|  |TAMS 0x0000000086600000, 0x0000000086600000| Untracked 
| 103|0x0000000086700000, 0x0000000086700000, 0x0000000086800000|  0%| F|  |TAMS 0x0000000086700000, 0x0000000086700000| Untracked 
| 104|0x0000000086800000, 0x0000000086800000, 0x0000000086900000|  0%| F|  |TAMS 0x0000000086800000, 0x0000000086800000| Untracked 
| 105|0x0000000086900000, 0x0000000086900000, 0x0000000086a00000|  0%| F|  |TAMS 0x0000000086900000, 0x0000000086900000| Untracked 
| 106|0x0000000086a00000, 0x0000000086a00000, 0x0000000086b00000|  0%| F|  |TAMS 0x0000000086a00000, 0x0000000086a00000| Untracked 
| 107|0x0000000086b00000, 0x0000000086b00000, 0x0000000086c00000|  0%| F|  |TAMS 0x0000000086b00000, 0x0000000086b00000| Untracked 
| 108|0x0000000086c00000, 0x0000000086c00000, 0x0000000086d00000|  0%| F|  |TAMS 0x0000000086c00000, 0x0000000086c00000| Untracked 
| 109|0x0000000086d00000, 0x0000000086d00000, 0x0000000086e00000|  0%| F|  |TAMS 0x0000000086d00000, 0x0000000086d00000| Untracked 
| 110|0x0000000086e00000, 0x0000000086e00000, 0x0000000086f00000|  0%| F|  |TAMS 0x0000000086e00000, 0x0000000086e00000| Untracked 
| 111|0x0000000086f00000, 0x0000000086f00000, 0x0000000087000000|  0%| F|  |TAMS 0x0000000086f00000, 0x0000000086f00000| Untracked 
| 112|0x0000000087000000, 0x0000000087000000, 0x0000000087100000|  0%| F|  |TAMS 0x0000000087000000, 0x0000000087000000| Untracked 
| 113|0x0000000087100000, 0x0000000087100000, 0x0000000087200000|  0%| F|  |TAMS 0x0000000087100000, 0x0000000087100000| Untracked 
| 114|0x0000000087200000, 0x0000000087200000, 0x0000000087300000|  0%| F|  |TAMS 0x0000000087200000, 0x0000000087200000| Untracked 
| 115|0x0000000087300000, 0x0000000087300000, 0x0000000087400000|  0%| F|  |TAMS 0x0000000087300000, 0x0000000087300000| Untracked 
| 116|0x0000000087400000, 0x0000000087400000, 0x0000000087500000|  0%| F|  |TAMS 0x0000000087400000, 0x0000000087400000| Untracked 
| 117|0x0000000087500000, 0x0000000087500000, 0x0000000087600000|  0%| F|  |TAMS 0x0000000087500000, 0x0000000087500000| Untracked 
| 118|0x0000000087600000, 0x0000000087600000, 0x0000000087700000|  0%| F|  |TAMS 0x0000000087600000, 0x0000000087600000| Untracked 
| 119|0x0000000087700000, 0x0000000087700000, 0x0000000087800000|  0%| F|  |TAMS 0x0000000087700000, 0x0000000087700000| Untracked 
| 120|0x0000000087800000, 0x0000000087800000, 0x0000000087900000|  0%| F|  |TAMS 0x0000000087800000, 0x0000000087800000| Untracked 
| 121|0x0000000087900000, 0x0000000087900000, 0x0000000087a00000|  0%| F|  |TAMS 0x0000000087900000, 0x0000000087900000| Untracked 
| 122|0x0000000087a00000, 0x0000000087a00000, 0x0000000087b00000|  0%| F|  |TAMS 0x0000000087a00000, 0x0000000087a00000| Untracked 
| 123|0x0000000087b00000, 0x0000000087b00000, 0x0000000087c00000|  0%| F|  |TAMS 0x0000000087b00000, 0x0000000087b00000| Untracked 
| 124|0x0000000087c00000, 0x0000000087c00000, 0x0000000087d00000|  0%| F|  |TAMS 0x0000000087c00000, 0x0000000087c00000| Untracked 
| 125|0x0000000087d00000, 0x0000000087d00000, 0x0000000087e00000|  0%| F|  |TAMS 0x0000000087d00000, 0x0000000087d00000| Untracked 
| 126|0x0000000087e00000, 0x0000000087e00000, 0x0000000087f00000|  0%| F|  |TAMS 0x0000000087e00000, 0x0000000087e00000| Untracked 
| 127|0x0000000087f00000, 0x0000000087f00000, 0x0000000088000000|  0%| F|  |TAMS 0x0000000087f00000, 0x0000000087f00000| Untracked 
| 128|0x0000000088000000, 0x0000000088000000, 0x0000000088100000|  0%| F|  |TAMS 0x0000000088000000, 0x0000000088000000| Untracked 
| 129|0x0000000088100000, 0x0000000088100000, 0x0000000088200000|  0%| F|  |TAMS 0x0000000088100000, 0x0000000088100000| Untracked 
| 130|0x0000000088200000, 0x0000000088200000, 0x0000000088300000|  0%| F|  |TAMS 0x0000000088200000, 0x0000000088200000| Untracked 
| 131|0x0000000088300000, 0x0000000088300000, 0x0000000088400000|  0%| F|  |TAMS 0x0000000088300000, 0x0000000088300000| Untracked 
| 132|0x0000000088400000, 0x0000000088400000, 0x0000000088500000|  0%| F|  |TAMS 0x0000000088400000, 0x0000000088400000| Untracked 
| 133|0x0000000088500000, 0x0000000088500000, 0x0000000088600000|  0%| F|  |TAMS 0x0000000088500000, 0x0000000088500000| Untracked 
| 134|0x0000000088600000, 0x0000000088600000, 0x0000000088700000|  0%| F|  |TAMS 0x0000000088600000, 0x0000000088600000| Untracked 
| 135|0x0000000088700000, 0x0000000088700000, 0x0000000088800000|  0%| F|  |TAMS 0x0000000088700000, 0x0000000088700000| Untracked 
| 136|0x0000000088800000, 0x0000000088800000, 0x0000000088900000|  0%| F|  |TAMS 0x0000000088800000, 0x0000000088800000| Untracked 
| 186|0x000000008ba00000, 0x000000008ba00000, 0x000000008bb00000|  0%| F|  |TAMS 0x000000008ba00000, 0x000000008ba00000| Untracked 
| 187|0x000000008bb00000, 0x000000008bb00000, 0x000000008bc00000|  0%| F|  |TAMS 0x000000008bb00000, 0x000000008bb00000| Untracked 
|2046|0x00000000ffe00000, 0x00000000fff00000, 0x00000000fff00000|100%| O|  |TAMS 0x00000000fff00000, 0x00000000fff00000| Untracked 
|2047|0x00000000fff00000, 0x0000000100000000, 0x0000000100000000|100%| O|  |TAMS 0x0000000100000000, 0x0000000100000000| Untracked 

Card table byte_map: [0x0000016b44540000,0x0000016b44940000] _byte_map_base: 0x0000016b44140000

Marking Bits (Prev, Next): (CMBitMap*) 0x0000016b2f8595d0, (CMBitMap*) 0x0000016b2f859590
 Prev Bits: [0x0000016b46d40000, 0x0000016b48d40000)
 Next Bits: [0x0000016b44d40000, 0x0000016b46d40000)

Polling page: 0x0000016b2f8b0000

Metaspace:

Usage:
  Non-class:     56.74 MB used.
      Class:      8.92 MB used.
       Both:     65.66 MB used.

Virtual space:
  Non-class space:       64.00 MB reserved,      57.00 MB ( 89%) committed,  1 nodes.
      Class space:        1.00 GB reserved,       9.19 MB ( <1%) committed,  1 nodes.
             Both:        1.06 GB reserved,      66.19 MB (  6%) committed. 

Chunk freelists:
   Non-Class:  6.89 MB
       Class:  6.64 MB
        Both:  13.53 MB

MaxMetaspaceSize: unlimited
CompressedClassSpaceSize: 1.00 GB
Initial GC threshold: 21.00 MB
Current GC threshold: 101.81 MB
CDS: off
MetaspaceReclaimPolicy: balanced
 - commit_granule_bytes: 65536.
 - commit_granule_words: 8192.
 - virtual_space_node_default_size: 8388608.
 - enlarge_chunks_in_place: 1.
 - new_chunks_are_fully_committed: 0.
 - uncommit_free_chunks: 1.
 - use_allocation_guard: 0.
 - handle_deallocations: 1.


Internal statistics:

num_allocs_failed_limit: 6.
num_arena_births: 766.
num_arena_deaths: 0.
num_vsnodes_births: 2.
num_vsnodes_deaths: 0.
num_space_committed: 1059.
num_space_uncommitted: 0.
num_chunks_returned_to_freelist: 6.
num_chunks_taken_from_freelist: 3129.
num_chunk_merges: 6.
num_chunk_splits: 2019.
num_chunks_enlarged: 1304.
num_inconsistent_stats: 0.

CodeHeap 'non-profiled nmethods': size=120000Kb used=3287Kb max_used=3287Kb free=116712Kb
 bounds [0x0000016b3bf90000, 0x0000016b3c2d0000, 0x0000016b434c0000]
CodeHeap 'profiled nmethods': size=120000Kb used=12443Kb max_used=12536Kb free=107556Kb
 bounds [0x0000016b344c0000, 0x0000016b35100000, 0x0000016b3b9f0000]
CodeHeap 'non-nmethods': size=5760Kb used=1651Kb max_used=1686Kb free=4108Kb
 bounds [0x0000016b3b9f0000, 0x0000016b3bc60000, 0x0000016b3bf90000]
 total_blobs=7336 nmethods=6606 adapters=642
 compilation: enabled
              stopped_count=0, restarted_count=0
 full_count=0

Compilation events (20 events):
Event: 10.559 Thread 0x0000016b4bc21340 7457       3       java.security.ProtectionDomain$Key::<init> (5 bytes)
Event: 10.559 Thread 0x0000016b4bc21340 nmethod 7457 0x0000016b34639590 code [0x0000016b34639720, 0x0000016b34639878]
Event: 10.562 Thread 0x0000016b4bc21340 7458       3       java.net.URLClassLoader$1::run (5 bytes)
Event: 10.562 Thread 0x0000016b4bc21340 nmethod 7458 0x0000016b34639210 code [0x0000016b346393a0, 0x0000016b346394e8]
Event: 10.563 Thread 0x0000016b4bc20890 nmethod 7445% 0x0000016b3c2c3790 code [0x0000016b3c2c3920, 0x0000016b3c2c4338]
Event: 10.563 Thread 0x0000016b4bc20890 7450  s    4       java.util.Hashtable::get (69 bytes)
Event: 10.568 Thread 0x0000016b4bc21340 7459       3       java.security.CodeSource::<init> (52 bytes)
Event: 10.568 Thread 0x0000016b4bc21340 nmethod 7459 0x0000016b34638710 code [0x0000016b346388e0, 0x0000016b34638e58]
Event: 10.569 Thread 0x0000016b4bc20890 nmethod 7450 0x0000016b3c2c4790 code [0x0000016b3c2c4940, 0x0000016b3c2c5328]
Event: 10.569 Thread 0x0000016b4bc20890 7449       4       java.util.HashMap$EntryIterator::next (5 bytes)
Event: 10.571 Thread 0x0000016b4bc20890 nmethod 7449 0x0000016b3c2c5710 code [0x0000016b3c2c58a0, 0x0000016b3c2c5c78]
Event: 10.571 Thread 0x0000016b4bc20890 7452   !   4       java.util.jar.JarFile::isMultiRelease (33 bytes)
Event: 10.572 Thread 0x0000016b4bc20890 nmethod 7452 0x0000016b3c195210 code [0x0000016b3c1953a0, 0x0000016b3c195488]
Event: 10.572 Thread 0x0000016b4bc20890 7460   !   4       java.util.zip.ZipFile::getInputStream (275 bytes)
Event: 10.576 Thread 0x0000016b4bc21340 7462       3       java.util.jar.JarFile::getVersionedEntry (133 bytes)
Event: 10.577 Thread 0x0000016b4bc21340 nmethod 7462 0x0000016b3486cf10 code [0x0000016b3486d1e0, 0x0000016b3486df98]
Event: 10.577 Thread 0x0000016b4bc21340 7463       3       java.util.jar.JarFile::maybeInstantiateVerifier (42 bytes)
Event: 10.577 Thread 0x0000016b4bc21340 nmethod 7463 0x0000016b3486c890 code [0x0000016b3486ca60, 0x0000016b3486cdd8]
Event: 10.578 Thread 0x0000016b4bc21340 7464       3       java.security.CodeSource::getCertificates (98 bytes)
Event: 10.578 Thread 0x0000016b4bc21340 nmethod 7464 0x0000016b3486b810 code [0x0000016b3486ba60, 0x0000016b3486c558]

GC Heap History (20 events):
Event: 8.112 GC heap after
{Heap after GC invocations=16 (full 0):
 garbage-first heap   total 91136K, used 41884K [0x0000000080000000, 0x0000000100000000)
  region size 1024K, 4 young (4096K), 4 survivors (4096K)
 Metaspace       used 56593K, committed 57152K, reserved 1114112K
  class space    used 7731K, committed 8000K, reserved 1048576K
}
Event: 8.381 GC heap before
{Heap before GC invocations=16 (full 0):
 garbage-first heap   total 91136K, used 61340K [0x0000000080000000, 0x0000000100000000)
  region size 1024K, 23 young (23552K), 4 survivors (4096K)
 Metaspace       used 56972K, committed 57600K, reserved 1114112K
  class space    used 7775K, committed 8064K, reserved 1048576K
}
Event: 8.384 GC heap after
{Heap after GC invocations=17 (full 0):
 garbage-first heap   total 91136K, used 45980K [0x0000000080000000, 0x0000000100000000)
  region size 1024K, 5 young (5120K), 5 survivors (5120K)
 Metaspace       used 56972K, committed 57600K, reserved 1114112K
  class space    used 7775K, committed 8064K, reserved 1048576K
}
Event: 9.054 GC heap before
{Heap before GC invocations=18 (full 0):
 garbage-first heap   total 91136K, used 78748K [0x0000000080000000, 0x0000000100000000)
  region size 1024K, 27 young (27648K), 5 survivors (5120K)
 Metaspace       used 58160K, committed 58752K, reserved 1114112K
  class space    used 7973K, committed 8256K, reserved 1048576K
}
Event: 9.058 GC heap after
{Heap after GC invocations=19 (full 0):
 garbage-first heap   total 93184K, used 63328K [0x0000000080000000, 0x0000000100000000)
  region size 1024K, 4 young (4096K), 4 survivors (4096K)
 Metaspace       used 58160K, committed 58752K, reserved 1114112K
  class space    used 7973K, committed 8256K, reserved 1048576K
}
Event: 9.073 GC heap before
{Heap before GC invocations=19 (full 0):
 garbage-first heap   total 93184K, used 63328K [0x0000000080000000, 0x0000000100000000)
  region size 1024K, 5 young (5120K), 4 survivors (4096K)
 Metaspace       used 58242K, committed 58816K, reserved 1114112K
  class space    used 7975K, committed 8256K, reserved 1048576K
}
Event: 9.076 GC heap after
{Heap after GC invocations=20 (full 0):
 garbage-first heap   total 93184K, used 63408K [0x0000000080000000, 0x0000000100000000)
  region size 1024K, 1 young (1024K), 1 survivors (1024K)
 Metaspace       used 58242K, committed 58816K, reserved 1114112K
  class space    used 7975K, committed 8256K, reserved 1048576K
}
Event: 9.149 GC heap before
{Heap before GC invocations=20 (full 0):
 garbage-first heap   total 93184K, used 65456K [0x0000000080000000, 0x0000000100000000)
  region size 1024K, 5 young (5120K), 1 survivors (1024K)
 Metaspace       used 58458K, committed 59008K, reserved 1114112K
  class space    used 7994K, committed 8256K, reserved 1048576K
}
Event: 9.150 GC heap after
{Heap after GC invocations=21 (full 0):
 garbage-first heap   total 93184K, used 63657K [0x0000000080000000, 0x0000000100000000)
  region size 1024K, 1 young (1024K), 1 survivors (1024K)
 Metaspace       used 58458K, committed 59008K, reserved 1114112K
  class space    used 7994K, committed 8256K, reserved 1048576K
}
Event: 9.392 GC heap before
{Heap before GC invocations=22 (full 0):
 garbage-first heap   total 111616K, used 75945K [0x0000000080000000, 0x0000000100000000)
  region size 1024K, 13 young (13312K), 1 survivors (1024K)
 Metaspace       used 59398K, committed 59968K, reserved 1114112K
  class space    used 8117K, committed 8384K, reserved 1048576K
}
Event: 9.394 GC heap after
{Heap after GC invocations=23 (full 0):
 garbage-first heap   total 111616K, used 65107K [0x0000000080000000, 0x0000000100000000)
  region size 1024K, 2 young (2048K), 2 survivors (2048K)
 Metaspace       used 59398K, committed 59968K, reserved 1114112K
  class space    used 8117K, committed 8384K, reserved 1048576K
}
Event: 9.432 GC heap before
{Heap before GC invocations=23 (full 0):
 garbage-first heap   total 111616K, used 67155K [0x0000000080000000, 0x0000000100000000)
  region size 1024K, 5 young (5120K), 2 survivors (2048K)
 Metaspace       used 59646K, committed 60288K, reserved 1114112K
  class space    used 8153K, committed 8448K, reserved 1048576K
}
Event: 9.434 GC heap after
{Heap after GC invocations=24 (full 0):
 garbage-first heap   total 111616K, used 64530K [0x0000000080000000, 0x0000000100000000)
  region size 1024K, 1 young (1024K), 1 survivors (1024K)
 Metaspace       used 59646K, committed 60288K, reserved 1114112K
  class space    used 8153K, committed 8448K, reserved 1048576K
}
Event: 9.757 GC heap before
{Heap before GC invocations=24 (full 0):
 garbage-first heap   total 111616K, used 88082K [0x0000000080000000, 0x0000000100000000)
  region size 1024K, 25 young (25600K), 1 survivors (1024K)
 Metaspace       used 61830K, committed 62400K, reserved 1114112K
  class space    used 8410K, committed 8704K, reserved 1048576K
}
Event: 9.759 GC heap after
{Heap after GC invocations=25 (full 0):
 garbage-first heap   total 111616K, used 65179K [0x0000000080000000, 0x0000000100000000)
  region size 1024K, 2 young (2048K), 2 survivors (2048K)
 Metaspace       used 61830K, committed 62400K, reserved 1114112K
  class space    used 8410K, committed 8704K, reserved 1048576K
}
Event: 10.145 GC heap before
{Heap before GC invocations=26 (full 0):
 garbage-first heap   total 112640K, used 89755K [0x0000000080000000, 0x0000000100000000)
  region size 1024K, 27 young (27648K), 2 survivors (2048K)
 Metaspace       used 64426K, committed 65024K, reserved 1114112K
  class space    used 8756K, committed 9024K, reserved 1048576K
}
Event: 10.147 GC heap after
{Heap after GC invocations=27 (full 0):
 garbage-first heap   total 112640K, used 65878K [0x0000000080000000, 0x0000000100000000)
  region size 1024K, 2 young (2048K), 2 survivors (2048K)
 Metaspace       used 64426K, committed 65024K, reserved 1114112K
  class space    used 8756K, committed 9024K, reserved 1048576K
}
Event: 10.217 GC heap before
{Heap before GC invocations=27 (full 0):
 garbage-first heap   total 112640K, used 68950K [0x0000000080000000, 0x0000000100000000)
  region size 1024K, 5 young (5120K), 2 survivors (2048K)
 Metaspace       used 64877K, committed 65472K, reserved 1114112K
  class space    used 8829K, committed 9088K, reserved 1048576K
}
Event: 10.219 GC heap after
{Heap after GC invocations=28 (full 0):
 garbage-first heap   total 112640K, used 65637K [0x0000000080000000, 0x0000000100000000)
  region size 1024K, 1 young (1024K), 1 survivors (1024K)
 Metaspace       used 64877K, committed 65472K, reserved 1114112K
  class space    used 8829K, committed 9088K, reserved 1048576K
}
Event: 10.582 GC heap before
{Heap before GC invocations=28 (full 0):
 garbage-first heap   total 112640K, used 98405K [0x0000000080000000, 0x0000000100000000)
  region size 1024K, 28 young (28672K), 1 survivors (1024K)
 Metaspace       used 67234K, committed 67776K, reserved 1114112K
  class space    used 9135K, committed 9408K, reserved 1048576K
}

Dll operation events (3 events):
Event: 0.125 Loaded shared library C:\Program Files\Android\Android Studio\jbr\bin\java.dll
Event: 0.902 Loaded shared library C:\Program Files\Android\Android Studio\jbr\bin\zip.dll
Event: 1.314 Loaded shared library C:\Program Files\Android\Android Studio\jbr\bin\verify.dll

Deoptimization events (20 events):
Event: 10.534 Thread 0x0000016b51a60c30 DEOPT PACKING pc=0x0000016b34854138 sp=0x0000006055cf2000
Event: 10.534 Thread 0x0000016b51a60c30 DEOPT UNPACKING pc=0x0000016b3ba47143 sp=0x0000006055cf1480 mode 0
Event: 10.534 Thread 0x0000016b51a60c30 DEOPT PACKING pc=0x0000016b34854138 sp=0x0000006055cf2000
Event: 10.534 Thread 0x0000016b51a60c30 DEOPT UNPACKING pc=0x0000016b3ba47143 sp=0x0000006055cf1480 mode 0
Event: 10.535 Thread 0x0000016b51a60c30 DEOPT PACKING pc=0x0000016b34854138 sp=0x0000006055cf2010
Event: 10.535 Thread 0x0000016b51a60c30 DEOPT UNPACKING pc=0x0000016b3ba47143 sp=0x0000006055cf1490 mode 0
Event: 10.535 Thread 0x0000016b51a60c30 DEOPT PACKING pc=0x0000016b34854138 sp=0x0000006055cf2010
Event: 10.535 Thread 0x0000016b51a60c30 DEOPT UNPACKING pc=0x0000016b3ba47143 sp=0x0000006055cf1490 mode 0
Event: 10.535 Thread 0x0000016b51a60c30 DEOPT PACKING pc=0x0000016b34854138 sp=0x0000006055cf2010
Event: 10.535 Thread 0x0000016b51a60c30 DEOPT UNPACKING pc=0x0000016b3ba47143 sp=0x0000006055cf1490 mode 0
Event: 10.535 Thread 0x0000016b51a60c30 DEOPT PACKING pc=0x0000016b34854138 sp=0x0000006055cf2010
Event: 10.535 Thread 0x0000016b51a60c30 DEOPT UNPACKING pc=0x0000016b3ba47143 sp=0x0000006055cf1490 mode 0
Event: 10.535 Thread 0x0000016b51a60c30 DEOPT PACKING pc=0x0000016b34854138 sp=0x0000006055cf2010
Event: 10.535 Thread 0x0000016b51a60c30 DEOPT UNPACKING pc=0x0000016b3ba47143 sp=0x0000006055cf1490 mode 0
Event: 10.535 Thread 0x0000016b51a60c30 DEOPT PACKING pc=0x0000016b34854138 sp=0x0000006055cf2010
Event: 10.535 Thread 0x0000016b51a60c30 DEOPT UNPACKING pc=0x0000016b3ba47143 sp=0x0000006055cf1490 mode 0
Event: 10.548 Thread 0x0000016b51a60c30 Uncommon trap: trap_request=0xffffff45 fr.pc=0x0000016b3bfea9bc relative=0x000000000000009c
Event: 10.548 Thread 0x0000016b51a60c30 Uncommon trap: reason=unstable_if action=reinterpret pc=0x0000016b3bfea9bc method=java.security.CodeSource.matchCerts(Ljava/security/CodeSource;Z)Z @ 11 c2
Event: 10.548 Thread 0x0000016b51a60c30 DEOPT PACKING pc=0x0000016b3bfea9bc sp=0x0000006055cf0d10
Event: 10.548 Thread 0x0000016b51a60c30 DEOPT UNPACKING pc=0x0000016b3ba469a3 sp=0x0000006055cf0ca8 mode 2

Classes unloaded (0 events):
No events

Classes redefined (0 events):
No events

Internal exceptions (20 events):
Event: 7.675 Thread 0x0000016b51a60c30 Exception <a 'java/lang/NoSuchMethodError'{0x0000000088573118}: 'java.lang.Object java.lang.invoke.DirectMethodHandle$Holder.newInvokeSpecial(java.lang.Object, java.lang.Object, java.lang.Object, java.lang.Object, int, java.lang.Object)'> (0x0000000088573118) 
thrown [s\src\hotspot\share\interpreter\linkResolver.cpp, line 771]
Event: 7.675 Thread 0x0000016b51a60c30 Exception <a 'java/lang/NoSuchMethodError'{0x0000000088578470}: 'java.lang.Object java.lang.invoke.Invokers$Holder.linkToTargetMethod(java.lang.Object, java.lang.Object, java.lang.Object, int, java.lang.Object, java.lang.Object)'> (0x0000000088578470) 
thrown [s\src\hotspot\share\interpreter\linkResolver.cpp, line 771]
Event: 8.198 Thread 0x0000016b51a60c30 Exception <a 'java/lang/NoSuchMethodError'{0x0000000084d101f8}: 'long java.lang.invoke.DirectMethodHandle$Holder.invokeVirtual(java.lang.Object, java.lang.Object)'> (0x0000000084d101f8) 
thrown [s\src\hotspot\share\interpreter\linkResolver.cpp, line 771]
Event: 8.203 Thread 0x0000016b51971300 Exception <a 'java/lang/NoSuchMethodError'{0x0000000084d69200}: static Lorg/gradle/internal/build/event/types/DefaultOperationFinishedProgressEvent;.<clinit>()V> (0x0000000084d69200) 
thrown [s\src\hotspot\share\prims\jni.cpp, line 1127]
Event: 8.206 Thread 0x0000016b51971300 Exception <a 'java/lang/NoSuchMethodError'{0x0000000084d92b68}: static Lorg/gradle/internal/build/event/types/DefaultProjectConfigurationSuccessResult;.<clinit>()V> (0x0000000084d92b68) 
thrown [s\src\hotspot\share\prims\jni.cpp, line 1127]
Event: 8.206 Thread 0x0000016b51971300 Exception <a 'java/lang/NoSuchMethodError'{0x0000000084d97308}: static Lorg/gradle/internal/build/event/types/AbstractProjectConfigurationResult;.<clinit>()V> (0x0000000084d97308) 
thrown [s\src\hotspot\share\prims\jni.cpp, line 1127]
Event: 8.207 Thread 0x0000016b51971300 Exception <a 'java/lang/NoSuchMethodError'{0x0000000084d98800}: static Lorg/gradle/internal/build/event/types/AbstractOperationResult;.<clinit>()V> (0x0000000084d98800) 
thrown [s\src\hotspot\share\prims\jni.cpp, line 1127]
Event: 8.207 Thread 0x0000016b51971300 Exception <a 'java/lang/NoSuchMethodError'{0x0000000084d99c90}: static Lorg/gradle/internal/build/event/types/AbstractResult;.<clinit>()V> (0x0000000084d99c90) 
thrown [s\src\hotspot\share\prims\jni.cpp, line 1127]
Event: 8.209 Thread 0x0000016b51971300 Exception <a 'java/lang/NoSuchMethodError'{0x0000000084db1df8}: static Lorg/gradle/internal/build/event/types/DefaultPluginApplicationResult;.<clinit>()V> (0x0000000084db1df8) 
thrown [s\src\hotspot\share\prims\jni.cpp, line 1127]
Event: 8.209 Thread 0x0000016b51971300 Exception <a 'java/lang/NoSuchMethodError'{0x0000000084dbe588}: static Lorg/gradle/internal/build/event/types/DefaultBinaryPluginIdentifier;.<clinit>()V> (0x0000000084dbe588) 
thrown [s\src\hotspot\share\prims\jni.cpp, line 1127]
Event: 8.211 Thread 0x0000016b51971300 Exception <a 'java/lang/NoSuchMethodError'{0x0000000084dd7998}: static Lorg/gradle/internal/build/event/types/DefaultScriptPluginIdentifier;.<clinit>()V> (0x0000000084dd7998) 
thrown [s\src\hotspot\share\prims\jni.cpp, line 1127]
Event: 8.296 Thread 0x0000016b51a60c30 Implicit null exception at 0x0000016b3c247212 to 0x0000016b3c247874
Event: 8.296 Thread 0x0000016b51a60c30 Implicit null exception at 0x0000016b3c249014 to 0x0000016b3c249684
Event: 8.427 Thread 0x0000016b51a60c30 Exception <a 'java/lang/NoSuchMethodError'{0x000000008bbdd300}: 'void java.lang.invoke.Invokers$Holder.invoke_MT(java.lang.Object, java.lang.Object, java.lang.Object, java.lang.Object)'> (0x000000008bbdd300) 
thrown [s\src\hotspot\share\interpreter\linkResolver.cpp, line 771]
Event: 8.445 Thread 0x0000016b51a60c30 Exception <a 'java/lang/NoSuchMethodError'{0x000000008ba5e710}: 'java.lang.Object java.lang.invoke.DirectMethodHandle$Holder.invokeSpecial(java.lang.Object, java.lang.Object, java.lang.Object, int, java.lang.Object, java.lang.Object)'> (0x000000008ba5e710) 
thrown [s\src\hotspot\share\interpreter\linkResolver.cpp, line 771]
Event: 8.769 Thread 0x0000016b51a60c30 Exception <a 'java/lang/ClassNotFoundException'{0x00000000880608e0}: sun/misc/SharedSecrets> (0x00000000880608e0) 
thrown [s\src\hotspot\share\classfile\systemDictionary.cpp, line 256]
Event: 8.769 Thread 0x0000016b51a60c30 Exception <a 'java/lang/ClassNotFoundException'{0x0000000088061eb8}: org/gradle/api/internal/plugins/DefaultObjectConfigurationActionBeanInfo> (0x0000000088061eb8) 
thrown [s\src\hotspot\share\classfile\systemDictionary.cpp, line 256]
Event: 8.772 Thread 0x0000016b51a60c30 Exception <a 'java/lang/ClassNotFoundException'{0x00000000880781c8}: org/gradle/api/internal/plugins/DefaultObjectConfigurationActionCustomizer> (0x00000000880781c8) 
thrown [s\src\hotspot\share\classfile\systemDictionary.cpp, line 256]
Event: 10.422 Thread 0x0000016b51a60c30 Implicit null exception at 0x0000016b3c14730c to 0x0000016b3c14743e
Event: 10.551 Thread 0x0000016b51a60c30 Exception <a 'sun/nio/fs/WindowsException'{0x0000000085118ee8}> (0x0000000085118ee8) 
thrown [s\src\hotspot\share\prims\jni.cpp, line 531]

VM Operations (20 events):
Event: 9.175 Executing VM operation: G1PauseCleanup done
Event: 9.392 Executing VM operation: G1CollectForAllocation
Event: 9.394 Executing VM operation: G1CollectForAllocation done
Event: 9.432 Executing VM operation: G1CollectForAllocation
Event: 9.434 Executing VM operation: G1CollectForAllocation done
Event: 9.756 Executing VM operation: G1CollectForAllocation
Event: 9.759 Executing VM operation: G1CollectForAllocation done
Event: 9.774 Executing VM operation: G1PauseRemark
Event: 9.777 Executing VM operation: G1PauseRemark done
Event: 9.784 Executing VM operation: G1PauseCleanup
Event: 9.784 Executing VM operation: G1PauseCleanup done
Event: 10.145 Executing VM operation: G1CollectForAllocation
Event: 10.147 Executing VM operation: G1CollectForAllocation done
Event: 10.217 Executing VM operation: G1CollectForAllocation
Event: 10.219 Executing VM operation: G1CollectForAllocation done
Event: 10.341 Executing VM operation: HandshakeAllThreads
Event: 10.341 Executing VM operation: HandshakeAllThreads done
Event: 10.448 Executing VM operation: HandshakeAllThreads
Event: 10.448 Executing VM operation: HandshakeAllThreads done
Event: 10.582 Executing VM operation: G1CollectForAllocation

Events (20 events):
Event: 10.502 loading class java/security/interfaces/XECKey
Event: 10.502 loading class java/security/interfaces/XECKey done
Event: 10.502 loading class sun/security/util/KeyUtil
Event: 10.503 loading class sun/security/util/KeyUtil done
Event: 10.503 loading class sun/security/util/Length
Event: 10.503 loading class sun/security/util/Length done
Event: 10.503 loading class javax/crypto/SecretKey
Event: 10.503 loading class javax/crypto/SecretKey done
Event: 10.504 loading class java/util/Base64
Event: 10.505 loading class java/util/Base64 done
Event: 10.505 loading class java/util/Base64$Decoder
Event: 10.505 loading class java/util/Base64$Decoder done
Event: 10.505 loading class java/util/Base64$Encoder
Event: 10.505 loading class java/util/Base64$Encoder done
Event: 10.506 loading class java/util/jar/JarVerifier$VerifierStream
Event: 10.506 loading class java/util/jar/JarVerifier$VerifierStream done
Event: 10.506 loading class sun/security/util/ManifestEntryVerifier$SunProviderHolder
Event: 10.506 loading class sun/security/util/ManifestEntryVerifier$SunProviderHolder done
Event: 10.549 loading class java/security/KeyStore$ProtectionParameter
Event: 10.550 loading class java/security/KeyStore$ProtectionParameter done


Dynamic libraries:
0x00007ff688980000 - 0x00007ff68898a000 	C:\Program Files\Android\Android Studio\jbr\bin\java.exe
0x00007ff81f410000 - 0x00007ff81f627000 	C:\Windows\SYSTEM32\ntdll.dll
0x00007ff81e100000 - 0x00007ff81e1c4000 	C:\Windows\System32\KERNEL32.DLL
0x00007ff81cd80000 - 0x00007ff81d137000 	C:\Windows\System32\KERNELBASE.dll
0x00007ff808350000 - 0x00007ff80836b000 	C:\Program Files\Android\Android Studio\jbr\bin\VCRUNTIME140.dll
0x00007ff81cb40000 - 0x00007ff81cc51000 	C:\Windows\System32\ucrtbase.dll
0x00007ffffc990000 - 0x00007ffffc9a7000 	C:\Program Files\Android\Android Studio\jbr\bin\jli.dll
0x00007ff81de30000 - 0x00007ff81dfdf000 	C:\Windows\System32\USER32.dll
0x00007ff81cc60000 - 0x00007ff81cc86000 	C:\Windows\System32\win32u.dll
0x00007ff805c00000 - 0x00007ff805e93000 	C:\Windows\WinSxS\amd64_microsoft.windows.common-controls_6595b64144ccf1df_6.0.22621.3672_none_2713b9d173822955\COMCTL32.dll
0x00007ff81e900000 - 0x00007ff81e929000 	C:\Windows\System32\GDI32.dll
0x00007ff81c8b0000 - 0x00007ff81c9c8000 	C:\Windows\System32\gdi32full.dll
0x00007ff81c810000 - 0x00007ff81c8aa000 	C:\Windows\System32\msvcp_win.dll
0x00007ff81ea60000 - 0x00007ff81eb07000 	C:\Windows\System32\msvcrt.dll
0x00007ff81d140000 - 0x00007ff81d171000 	C:\Windows\System32\IMM32.DLL
0x00007ff814d90000 - 0x00007ff814d9c000 	C:\Program Files\Android\Android Studio\jbr\bin\vcruntime140_1.dll
0x00007fffa3770000 - 0x00007fffa37fd000 	C:\Program Files\Android\Android Studio\jbr\bin\msvcp140.dll
0x00007fff3bbf0000 - 0x00007fff3c873000 	C:\Program Files\Android\Android Studio\jbr\bin\server\jvm.dll
0x00007ff81e040000 - 0x00007ff81e0f2000 	C:\Windows\System32\ADVAPI32.dll
0x00007ff81e9b0000 - 0x00007ff81ea58000 	C:\Windows\System32\sechost.dll
0x00007ff81cd50000 - 0x00007ff81cd78000 	C:\Windows\System32\bcrypt.dll
0x00007ff81e330000 - 0x00007ff81e444000 	C:\Windows\System32\RPCRT4.dll
0x00007ff81b590000 - 0x00007ff81b5dd000 	C:\Windows\SYSTEM32\POWRPROF.dll
0x00007ff811380000 - 0x00007ff81138a000 	C:\Windows\SYSTEM32\VERSION.dll
0x00007ff811c90000 - 0x00007ff811cc4000 	C:\Windows\SYSTEM32\WINMM.dll
0x00007ff812dc0000 - 0x00007ff812dc9000 	C:\Windows\SYSTEM32\WSOCK32.dll
0x00007ff81e930000 - 0x00007ff81e9a1000 	C:\Windows\System32\WS2_32.dll
0x00007ff81b570000 - 0x00007ff81b583000 	C:\Windows\SYSTEM32\UMPDC.dll
0x00007ff81b820000 - 0x00007ff81b838000 	C:\Windows\SYSTEM32\kernel.appcore.dll
0x00007ff812db0000 - 0x00007ff812dba000 	C:\Program Files\Android\Android Studio\jbr\bin\jimage.dll
0x00007ff81a030000 - 0x00007ff81a262000 	C:\Windows\SYSTEM32\DBGHELP.DLL
0x00007ff81d840000 - 0x00007ff81dbce000 	C:\Windows\System32\combase.dll
0x00007ff81dd30000 - 0x00007ff81de07000 	C:\Windows\System32\OLEAUT32.dll
0x00007ffffeb50000 - 0x00007ffffeb82000 	C:\Windows\SYSTEM32\dbgcore.DLL
0x00007ff81c720000 - 0x00007ff81c79b000 	C:\Windows\System32\bcryptPrimitives.dll
0x00007ffffd090000 - 0x00007ffffd09e000 	C:\Program Files\Android\Android Studio\jbr\bin\instrument.dll
0x00007ff80bd20000 - 0x00007ff80bd45000 	C:\Program Files\Android\Android Studio\jbr\bin\java.dll
0x00007ffffd100000 - 0x00007ffffd118000 	C:\Program Files\Android\Android Studio\jbr\bin\zip.dll
0x00007ff81eb10000 - 0x00007ff81f379000 	C:\Windows\System32\SHELL32.dll
0x00007ff81a650000 - 0x00007ff81af4f000 	C:\Windows\SYSTEM32\windows.storage.dll
0x00007ff81a510000 - 0x00007ff81a64f000 	C:\Windows\SYSTEM32\wintypes.dll
0x00007ff81e1d0000 - 0x00007ff81e2c9000 	C:\Windows\System32\SHCORE.dll
0x00007ff81d620000 - 0x00007ff81d67e000 	C:\Windows\System32\shlwapi.dll
0x00007ff81c650000 - 0x00007ff81c677000 	C:\Windows\SYSTEM32\profapi.dll
0x00007ffffd0e0000 - 0x00007ffffd0f9000 	C:\Program Files\Android\Android Studio\jbr\bin\net.dll
0x00007ff814810000 - 0x00007ff814946000 	C:\Windows\SYSTEM32\WINHTTP.dll
0x00007ff81bc90000 - 0x00007ff81bcf9000 	C:\Windows\system32\mswsock.dll
0x00007ffffd0c0000 - 0x00007ffffd0d6000 	C:\Program Files\Android\Android Studio\jbr\bin\nio.dll
0x00007ffffd0a0000 - 0x00007ffffd0b0000 	C:\Program Files\Android\Android Studio\jbr\bin\verify.dll
0x00007fff9bbe0000 - 0x00007fff9bc07000 	C:\Users\LENOVO\.gradle\native\c067742578af261105cb4f569cf0c3c89f3d7b1fecec35dd04571415982c5e48\windows-amd64\native-platform.dll
0x00007fffa11e0000 - 0x00007fffa1324000 	C:\Users\LENOVO\.gradle\native\38dada09dfb8b06ba9b0570ebf7e218e3eb74d4ef43ca46872605cf95ebc2f47\windows-amd64\native-platform-file-events.dll
0x00007ff80ae50000 - 0x00007ff80ae59000 	C:\Program Files\Android\Android Studio\jbr\bin\management.dll
0x00007ffffd0b0000 - 0x00007ffffd0bb000 	C:\Program Files\Android\Android Studio\jbr\bin\management_ext.dll
0x00007ff81d590000 - 0x00007ff81d598000 	C:\Windows\System32\PSAPI.DLL
0x00007ff81beb0000 - 0x00007ff81becb000 	C:\Windows\SYSTEM32\CRYPTSP.dll
0x00007ff81b780000 - 0x00007ff81b7b5000 	C:\Windows\system32\rsaenh.dll
0x00007ff81bd50000 - 0x00007ff81bd78000 	C:\Windows\SYSTEM32\USERENV.dll
0x00007ff81bed0000 - 0x00007ff81bedc000 	C:\Windows\SYSTEM32\CRYPTBASE.dll
0x00007ff81b220000 - 0x00007ff81b24d000 	C:\Windows\SYSTEM32\IPHLPAPI.DLL
0x00007ff81dbd0000 - 0x00007ff81dbd9000 	C:\Windows\System32\NSI.dll
0x00007ff814f40000 - 0x00007ff814f59000 	C:\Windows\SYSTEM32\dhcpcsvc6.DLL
0x00007ff814d70000 - 0x00007ff814d8f000 	C:\Windows\SYSTEM32\dhcpcsvc.DLL
0x00007ff81b290000 - 0x00007ff81b392000 	C:\Windows\SYSTEM32\DNSAPI.dll
0x00007ff80bd70000 - 0x00007ff80bd79000 	C:\Program Files\Android\Android Studio\jbr\bin\extnet.dll
0x00007ff8149d0000 - 0x00007ff8149d8000 	C:\Windows\system32\wshunix.dll

dbghelp: loaded successfully - version: 4.0.5 - missing functions: none
symbol engine: initialized successfully - sym options: 0x614 - pdb path: .;C:\Program Files\Android\Android Studio\jbr\bin;C:\Windows\SYSTEM32;C:\Windows\WinSxS\amd64_microsoft.windows.common-controls_6595b64144ccf1df_6.0.22621.3672_none_2713b9d173822955;C:\Program Files\Android\Android Studio\jbr\bin\server;C:\Users\LENOVO\.gradle\native\c067742578af261105cb4f569cf0c3c89f3d7b1fecec35dd04571415982c5e48\windows-amd64;C:\Users\LENOVO\.gradle\native\38dada09dfb8b06ba9b0570ebf7e218e3eb74d4ef43ca46872605cf95ebc2f47\windows-amd64

VM Arguments:
jvm_args: --add-opens=java.base/java.util=ALL-UNNAMED --add-opens=java.base/java.lang=ALL-UNNAMED --add-opens=java.base/java.lang.invoke=ALL-UNNAMED --add-opens=java.prefs/java.util.prefs=ALL-UNNAMED --add-opens=java.base/java.nio.charset=ALL-UNNAMED --add-opens=java.base/java.net=ALL-UNNAMED --add-opens=java.base/java.util.concurrent.atomic=ALL-UNNAMED -Xmx2048m -Dfile.encoding=UTF-8 -Duser.country=ID -Duser.language=en -Duser.variant -javaagent:C:\Users\LENOVO\.gradle\wrapper\dists\gradle-8.7-bin\bhs2wmbdwecv87pi65oeuq5iu\gradle-8.7\lib\agents\gradle-instrumentation-agent-8.7.jar 
java_command: org.gradle.launcher.daemon.bootstrap.GradleDaemon 8.7
java_class_path (initial): C:\Users\LENOVO\.gradle\wrapper\dists\gradle-8.7-bin\bhs2wmbdwecv87pi65oeuq5iu\gradle-8.7\lib\gradle-launcher-8.7.jar
Launcher Type: SUN_STANDARD

[Global flags]
     intx CICompilerCount                          = 4                                         {product} {ergonomic}
     uint ConcGCThreads                            = 3                                         {product} {ergonomic}
     uint G1ConcRefinementThreads                  = 10                                        {product} {ergonomic}
   size_t G1HeapRegionSize                         = 1048576                                   {product} {ergonomic}
    uintx GCDrainStackTargetSize                   = 64                                        {product} {ergonomic}
   size_t InitialHeapSize                          = 197132288                                 {product} {ergonomic}
   size_t MarkStackSize                            = 4194304                                   {product} {ergonomic}
   size_t MaxHeapSize                              = 2147483648                                {product} {command line}
   size_t MaxNewSize                               = 1287651328                                {product} {ergonomic}
   size_t MinHeapDeltaBytes                        = 1048576                                   {product} {ergonomic}
   size_t MinHeapSize                              = 8388608                                   {product} {ergonomic}
    uintx NonNMethodCodeHeapSize                   = 5839372                                {pd product} {ergonomic}
    uintx NonProfiledCodeHeapSize                  = 122909434                              {pd product} {ergonomic}
    uintx ProfiledCodeHeapSize                     = 122909434                              {pd product} {ergonomic}
    uintx ReservedCodeCacheSize                    = 251658240                              {pd product} {ergonomic}
     bool SegmentedCodeCache                       = true                                      {product} {ergonomic}
   size_t SoftMaxHeapSize                          = 2147483648                             {manageable} {ergonomic}
     bool UseCompressedClassPointers               = true                           {product lp64_product} {ergonomic}
     bool UseCompressedOops                        = true                           {product lp64_product} {ergonomic}
     bool UseG1GC                                  = true                                      {product} {ergonomic}
     bool UseLargePagesIndividualAllocation        = false                                  {pd product} {ergonomic}

Logging:
Log output configuration:
 #0: stdout all=warning uptime,level,tags
 #1: stderr all=off uptime,level,tags

Environment Variables:
PATH=C:\Windows\system32;C:\Windows;C:\Windows\System32\Wbem;C:\Windows\System32\WindowsPowerShell\v1.0\;C:\Windows\System32\OpenSSH\;C:\Program Files (x86)\NVIDIA Corporation\PhysX\Common;C:\Program Files\NVIDIA Corporation\NVIDIA NvDLISR;C:\Program Files\Git\cmd;C:\ProgramData\ComposerSetup\bin;C:\Program Files\nodejs\;C:\laragon\bin\php\php-8.3.12-Win32-vs16-x64;C:\laragon\bin;C:\laragon\bin\apache\httpd-2.4.54-win64-VS16\bin;C:\laragon\bin\composer;C:\laragon\bin\git\bin;C:\laragon\bin\git\cmd;C:\laragon\bin\git\mingw64\bin;C:\laragon\bin\git\usr\bin;C:\laragon\bin\laragon\utils;C:\laragon\bin\mysql\mysql-8.0.30-winx64\bin;C:\laragon\bin\nginx\nginx-1.22.0;C:\laragon\bin\ngrok;C:\laragon\bin\nodejs\node-v18;C:\laragon\bin\notepad++;C:\laragon\bin\php\php-8.1.10-Win32-vs16-x64;C:\laragon\bin\python\python-3.10;C:\laragon\bin\python\python-3.10\Scripts;C:\laragon\bin\redis\redis-x64-5.0.14.1;C:\laragon\bin\telnet;C:\laragon\usr\bin;C:\Users\LENOVO\AppData\Local\Yarn\config\global\node_modules\.bin;C:\Users\LENOVO\AppData\Roaming\Composer\vendor\bin;C:\Users\LENOVO\AppData\Roaming\npm;C:\Users\LENOVO\AppData\Local\Microsoft\WindowsApps;C:\Users\LENOVO\AppData\Local\Programs\Microsoft VS Code\bin
USERNAME=LENOVO
OS=Windows_NT
PROCESSOR_IDENTIFIER=Intel64 Family 6 Model 151 Stepping 2, GenuineIntel
TMP=C:\Users\LENOVO\AppData\Local\Temp
TEMP=C:\Users\LENOVO\AppData\Local\Temp



Periodic native trim disabled

JNI global refs:
JNI global refs: 26, weak refs: 0

JNI global refs memory usage: 843, weak refs: 841

Process memory usage:
Resident Set Size: 311684K (2% of 12283768K total physical memory with 139484K free physical memory)

OOME stack traces (most recent first):
Classloader memory used:
Loader org.gradle.internal.classloader.VisitableURLClassLoader                         : 3629K
Loader bootstrap                                                                       : 2699K
Loader org.gradle.initialization.MixInLegacyTypesClassLoader                           : 1221K
Loader org.gradle.internal.classloader.VisitableURLClassLoader$InstrumentingVisitableURLClassLoader: 717K
Loader jdk.internal.loader.ClassLoaders$PlatformClassLoader                            : 65416B
Loader jdk.internal.reflect.DelegatingClassLoader                                      : 30189B
Loader jdk.internal.loader.ClassLoaders$AppClassLoader                                 : 28714B
Loader org.gradle.internal.classloader.VisitableURLClassLoader                         : 15940B

Classes loaded by more than one classloader:
Class Program                                                                         : loaded 4 times (x 72B)
Class com.google.common.collect.Iterators$MergingIterator                             : loaded 2 times (x 79B)
Class [Lcom.google.common.collect.AbstractMapEntry;                                   : loaded 2 times (x 67B)
Class com.google.common.collect.SingletonImmutableList                                : loaded 2 times (x 167B)
Class com.google.common.cache.CacheLoader$SupplierToCacheLoader                       : loaded 2 times (x 73B)
Class org.gradle.internal.classpath.ClassPath                                         : loaded 2 times (x 68B)
Class com.google.common.cache.RemovalListener                                         : loaded 2 times (x 68B)
Class org.gradle.api.internal.classpath.DefaultModuleRegistry                         : loaded 2 times (x 84B)
Class Settings_gradle$1$1                                                             : loaded 2 times (x 72B)
Class com.google.common.collect.ListMultimap                                          : loaded 2 times (x 68B)
Class com.google.common.base.CharMatcher$JavaDigit                                    : loaded 2 times (x 109B)
Class com.google.common.base.CharMatcher$Digit                                        : loaded 2 times (x 110B)
Class com.google.common.collect.AbstractMultimap                                      : loaded 2 times (x 121B)
Class com.google.common.cache.CacheBuilder$OneWeigher                                 : loaded 2 times (x 80B)
Class org.gradle.api.Action                                                           : loaded 2 times (x 68B)
Class com.google.common.collect.ImmutableEntry                                        : loaded 2 times (x 80B)
Class com.google.common.collect.Lists$StringAsImmutableList                           : loaded 2 times (x 167B)
Class com.google.common.base.CharMatcher                                              : loaded 2 times (x 109B)
Class com.google.common.base.CharMatcher$IsNot                                        : loaded 2 times (x 109B)
Class com.google.common.base.Splitter                                                 : loaded 2 times (x 70B)
Class [Lcom.google.common.cache.Weigher;                                              : loaded 2 times (x 67B)
Class com.google.common.collect.Iterators$ArrayItr                                    : loaded 2 times (x 95B)
Class com.google.common.cache.LocalCache$Segment                                      : loaded 2 times (x 152B)
Class org.gradle.api.internal.DefaultClassPathProvider                                : loaded 2 times (x 74B)
Class org.gradle.internal.installation.GradleInstallation$1                           : loaded 2 times (x 73B)
Class org.objectweb.asm.Type                                                          : loaded 2 times (x 70B)
Class com.google.common.base.CharMatcher$BitSetMatcher                                : loaded 2 times (x 110B)
Class com.google.common.collect.ImmutableMap$IteratorBasedImmutableMap                : loaded 2 times (x 123B)
Class com.google.common.collect.ImmutableMap                                          : loaded 2 times (x 118B)
Class com.google.common.base.Converter                                                : loaded 2 times (x 88B)
Class com.google.common.collect.ImmutableSet$EmptySetBuilderImpl                      : loaded 2 times (x 74B)
Class com.google.common.base.Equivalence                                              : loaded 2 times (x 80B)
Class com.google.common.cache.LocalCache$EntryFactory$1                               : loaded 2 times (x 81B)
Class com.google.common.cache.LocalCache$EntryFactory$2                               : loaded 2 times (x 81B)
Class com.google.common.cache.LocalCache$EntryFactory$3                               : loaded 2 times (x 81B)
Class com.google.common.cache.LocalCache$EntryFactory$4                               : loaded 2 times (x 81B)
Class com.google.common.cache.LocalCache$EntryFactory$5                               : loaded 2 times (x 81B)
Class com.google.common.cache.LocalCache$EntryFactory$6                               : loaded 2 times (x 81B)
Class com.google.common.cache.LocalCache$EntryFactory$7                               : loaded 2 times (x 81B)
Class com.google.common.cache.LocalCache$EntryFactory$8                               : loaded 2 times (x 81B)
Class com.google.common.base.Predicate                                                : loaded 2 times (x 68B)
Class org.gradle.internal.classloader.FilteringClassLoader                            : loaded 2 times (x 103B)
Class com.google.common.collect.RegularImmutableSet                                   : loaded 2 times (x 146B)
Class [Lcom.google.common.cache.LocalCache$Strength;                                  : loaded 2 times (x 67B)
Class org.gradle.internal.classpath.DefaultClassPath$ImmutableUniqueList$Builder      : loaded 2 times (x 73B)
Class com.google.common.collect.Maps$8                                                : loaded 2 times (x 80B)
Class [Lcom.google.common.cache.CacheBuilder$NullListener;                            : loaded 2 times (x 67B)
Class com.google.common.base.PatternCompiler                                          : loaded 2 times (x 68B)
Class com.google.common.base.CharMatcher$InRange                                      : loaded 2 times (x 109B)
Class com.google.common.collect.BiMap                                                 : loaded 2 times (x 68B)
Class com.google.common.collect.Lists                                                 : loaded 2 times (x 69B)
Class com.google.common.math.IntMath$1                                                : loaded 2 times (x 69B)
Class org.gradle.internal.classloader.ClassLoaderVisitor                              : loaded 2 times (x 74B)
Class com.google.common.cache.CacheBuilder$NullListener                               : loaded 2 times (x 80B)
Class com.google.common.math.MathPreconditions                                        : loaded 2 times (x 69B)
Class org.gradle.internal.service.DefaultServiceLocator                               : loaded 2 times (x 81B)
Class org.gradle.internal.service.UnknownServiceException                             : loaded 2 times (x 81B)
Class com.google.common.collect.ArrayListMultimap                                     : loaded 2 times (x 170B)
Class com.google.common.base.Strings                                                  : loaded 2 times (x 69B)
Class com.google.common.cache.CacheLoader$InvalidCacheLoadException                   : loaded 2 times (x 80B)
Class org.gradle.internal.classloader.DefaultClassLoaderFactory                       : loaded 2 times (x 80B)
Class com.google.common.collect.UnmodifiableIterator                                  : loaded 2 times (x 78B)
Class com.google.common.base.Platform$JdkPatternCompiler                              : loaded 2 times (x 73B)
Class com.google.common.cache.LocalCache$LoadingValueReference                        : loaded 2 times (x 94B)
Class com.google.common.base.CharMatcher$SingleWidth                                  : loaded 2 times (x 110B)
Class com.google.common.collect.Hashing                                               : loaded 2 times (x 69B)
Class com.google.common.base.JdkPattern                                               : loaded 2 times (x 73B)
Class com.google.common.collect.Multimap                                              : loaded 2 times (x 68B)
Class com.google.common.base.FunctionalEquivalence                                    : loaded 2 times (x 81B)
Class com.google.common.cache.LocalCache$1                                            : loaded 2 times (x 87B)
Class com.google.common.cache.LocalCache$2                                            : loaded 2 times (x 140B)
Class com.google.common.collect.RegularImmutableBiMap                                 : loaded 2 times (x 146B)
Class org.gradle.internal.classloader.VisitableURLClassLoader$Spec                    : loaded 2 times (x 72B)
Class org.gradle.api.GradleException                                                  : loaded 2 times (x 80B)
Class com.google.common.base.CharMatcher$JavaLetterOrDigit                            : loaded 2 times (x 109B)
Class org.gradle.api.internal.classpath.ModuleRegistry                                : loaded 2 times (x 68B)
Class com.google.common.cache.CacheBuilder                                            : loaded 2 times (x 70B)
Class com.google.common.collect.ImmutableCollection                                   : loaded 2 times (x 123B)
Class com.google.common.base.PairwiseEquivalence                                      : loaded 2 times (x 81B)
Class com.google.common.base.Ticker                                                   : loaded 2 times (x 70B)
Class org.gradle.api.internal.ClassPathProvider                                       : loaded 2 times (x 68B)
Class com.google.common.collect.RegularImmutableMap$Values                            : loaded 2 times (x 167B)
Class org.gradle.internal.classloader.ClasspathUtil$1                                 : loaded 2 times (x 74B)
Class com.google.common.collect.ImmutableEnumMap                                      : loaded 2 times (x 123B)
Class com.google.common.collect.ImmutableList$ReverseImmutableList                    : loaded 2 times (x 168B)
Class com.google.common.cache.AbstractCache$StatsCounter                              : loaded 2 times (x 68B)
Class com.google.common.cache.LocalCache$Strength$1                                   : loaded 2 times (x 79B)
Class com.google.common.cache.LocalCache$Strength$2                                   : loaded 2 times (x 79B)
Class com.google.common.cache.LocalCache$Strength$3                                   : loaded 2 times (x 79B)
Class org.gradle.internal.classloader.ClassLoaderFactory                              : loaded 2 times (x 68B)
Class com.google.common.collect.ObjectArrays                                          : loaded 2 times (x 69B)
Class com.google.common.collect.Iterators$10                                          : loaded 2 times (x 79B)
Class com.google.common.collect.ImmutableList                                         : loaded 2 times (x 166B)
Class org.gradle.api.internal.classpath.ManifestUtil                                  : loaded 2 times (x 69B)
Class org.gradle.api.specs.Spec                                                       : loaded 2 times (x 68B)
Class com.google.common.cache.CacheLoader$UnsupportedLoadingOperationException        : loaded 2 times (x 80B)
Class com.google.common.base.CharMatcher$Whitespace                                   : loaded 2 times (x 110B)
Class com.google.common.collect.Iterators$1                                           : loaded 2 times (x 79B)
Class com.google.common.collect.Iterators$4                                           : loaded 2 times (x 80B)
Class com.google.common.collect.RegularImmutableMap$BucketOverflowException           : loaded 2 times (x 80B)
Class com.google.common.collect.Iterators$5                                           : loaded 2 times (x 80B)
Class com.google.common.base.Equivalence$Equals                                       : loaded 2 times (x 80B)
Class com.google.common.base.Preconditions                                            : loaded 2 times (x 69B)
Class com.google.common.base.Function                                                 : loaded 2 times (x 68B)
Class com.google.common.collect.Iterators$9                                           : loaded 2 times (x 79B)
Class org.gradle.internal.IoActions                                                   : loaded 2 times (x 69B)
Class com.google.common.cache.ReferenceEntry                                          : loaded 2 times (x 68B)
Class com.google.common.collect.RegularImmutableMap$KeySet                            : loaded 2 times (x 148B)
Class com.google.common.collect.CollectPreconditions                                  : loaded 2 times (x 69B)
Class com.google.common.collect.Maps                                                  : loaded 2 times (x 69B)
Class com.google.common.collect.RegularImmutableMap                                   : loaded 2 times (x 119B)
Class com.google.common.collect.AbstractIndexedListIterator                           : loaded 2 times (x 94B)
Class com.google.common.base.CharMatcher$None                                         : loaded 2 times (x 110B)
Class org.gradle.api.internal.classpath.EffectiveClassPath                            : loaded 2 times (x 88B)
Class com.google.common.collect.UnmodifiableListIterator                              : loaded 2 times (x 93B)
Class com.google.common.cache.CacheLoader$FunctionToCacheLoader                       : loaded 2 times (x 73B)
Class com.google.common.cache.CacheBuilder$1                                          : loaded 2 times (x 83B)
Class com.google.common.cache.CacheBuilder$2                                          : loaded 2 times (x 70B)
Class com.google.common.collect.ImmutableList$1                                       : loaded 2 times (x 95B)
Class com.google.common.base.Splitter$Strategy                                        : loaded 2 times (x 68B)
Class com.google.common.collect.ImmutableMapEntrySet$RegularEntrySet                  : loaded 2 times (x 149B)
Class [Lcom.google.common.cache.RemovalListener;                                      : loaded 2 times (x 67B)
Class [Lcom.google.common.collect.ImmutableMapEntry;                                  : loaded 2 times (x 67B)
Class org.gradle.internal.installation.CurrentGradleInstallation                      : loaded 2 times (x 71B)
Class org.gradle.internal.agents.InstrumentingClassLoader                             : loaded 2 times (x 68B)
Class org.gradle.internal.installation.CurrentGradleInstallationLocator               : loaded 2 times (x 69B)
Class [Lcom.google.common.cache.LocalCache$Segment;                                   : loaded 2 times (x 67B)
Class org.gradle.api.internal.classpath.Module                                        : loaded 2 times (x 68B)
Class com.google.common.base.Splitter$1$1                                             : loaded 2 times (x 84B)
Class com.google.common.collect.ImmutableSet$JdkBackedSetBuilderImpl                  : loaded 2 times (x 74B)
Class com.google.common.collect.ImmutableSet$RegularSetBuilderImpl                    : loaded 2 times (x 75B)
Class org.gradle.internal.service.CachingServiceLocator                               : loaded 2 times (x 80B)
Class [Lcom.google.common.collect.ImmutableEntry;                                     : loaded 2 times (x 67B)
Class org.gradle.internal.classpath.DefaultClassPath                                  : loaded 2 times (x 88B)
Class com.google.common.base.Splitter$SplittingIterator                               : loaded 2 times (x 82B)
Class com.google.common.cache.LocalCache$LocalManualCache$1                           : loaded 2 times (x 73B)
Class Build_gradle$1                                                                  : loaded 2 times (x 76B)
Class [Lcom.google.common.cache.LocalCache$EntryFactory;                              : loaded 2 times (x 67B)
Class com.google.common.base.CharMatcher$Is                                           : loaded 2 times (x 109B)
Class com.google.common.base.Platform                                                 : loaded 2 times (x 69B)
Class com.google.common.collect.RegularImmutableAsList                                : loaded 2 times (x 176B)
Class com.google.common.collect.PeekingIterator                                       : loaded 2 times (x 68B)
Class com.google.common.collect.ImmutableMapEntrySet                                  : loaded 2 times (x 149B)
Class com.google.common.cache.CacheLoader                                             : loaded 2 times (x 72B)
Class com.google.common.collect.ImmutableBiMapFauxverideShim                          : loaded 2 times (x 118B)
Class com.google.common.cache.Cache                                                   : loaded 2 times (x 68B)
Class org.gradle.internal.classloader.SystemClassLoaderSpec                           : loaded 2 times (x 69B)
Class com.google.common.collect.SingletonImmutableSet                                 : loaded 2 times (x 144B)
Class [Lcom.google.common.base.AbstractIterator$State;                                : loaded 2 times (x 67B)
Class com.google.common.collect.ImmutableMap$Builder                                  : loaded 2 times (x 80B)
Class com.google.common.base.AbstractIterator                                         : loaded 2 times (x 78B)
Class com.google.common.base.AbstractIterator$1                                       : loaded 2 times (x 69B)
Class [Lcom.google.common.cache.CacheBuilder$OneWeigher;                              : loaded 2 times (x 67B)
Class com.google.common.collect.Iterators                                             : loaded 2 times (x 69B)
Class com.google.common.base.CharMatcher$1                                            : loaded 2 times (x 111B)
Class com.google.common.base.CharMatcher$Ascii                                        : loaded 2 times (x 110B)
Class com.google.common.cache.LocalCache$ComputingValueReference                      : loaded 2 times (x 94B)
Class org.gradle.api.UncheckedIOException                                             : loaded 2 times (x 80B)
Class com.google.common.base.CharMatcher$And                                          : loaded 2 times (x 110B)
Class com.google.common.collect.IndexedImmutableSet                                   : loaded 2 times (x 148B)
Class com.google.common.collect.AbstractListMultimap                                  : loaded 2 times (x 170B)
Class com.google.common.base.CharMatcher$Any                                          : loaded 2 times (x 110B)
Class org.gradle.internal.installation.GradleInstallation                             : loaded 2 times (x 73B)
Class com.google.common.cache.LocalCache$Strength                                     : loaded 2 times (x 79B)
Class com.google.common.collect.ArrayListMultimapGwtSerializationDependencies         : loaded 2 times (x 170B)
Class com.google.common.base.CharMatcher$RangesMatcher                                : loaded 2 times (x 110B)
Class com.google.common.collect.ImmutableList$SubList                                 : loaded 2 times (x 168B)
Class com.google.common.cache.LocalCache$ValueReference                               : loaded 2 times (x 68B)
Class org.gradle.internal.classloader.ClasspathUtil                                   : loaded 2 times (x 69B)
Class com.google.common.base.Splitter$1                                               : loaded 2 times (x 75B)
Class com.google.common.base.Ticker$1                                                 : loaded 2 times (x 70B)
Class com.google.common.collect.Maps$BiMapConverter                                   : loaded 2 times (x 88B)
Class org.gradle.api.internal.DefaultClassPathRegistry                                : loaded 2 times (x 74B)
Class com.google.common.collect.ImmutableSet$SetBuilderImpl                           : loaded 2 times (x 74B)
Class org.gradle.api.internal.classpath.DefaultModuleRegistry$DefaultModule           : loaded 2 times (x 84B)
Class com.google.common.base.CharMatcher$JavaIsoControl                               : loaded 2 times (x 110B)
Class com.google.common.collect.ImmutableMap$1                                        : loaded 2 times (x 79B)
Class com.google.common.base.CharMatcher$Or                                           : loaded 2 times (x 110B)
Class org.gradle.kotlin.dsl.VersionCatalogAccessorsKt                                 : loaded 2 times (x 69B)
Class com.google.common.base.Suppliers$SupplierOfInstance                             : loaded 2 times (x 77B)
Class com.google.common.collect.Iterables                                             : loaded 2 times (x 69B)
Class com.google.common.base.CharMatcher$JavaLowerCase                                : loaded 2 times (x 109B)
Class org.gradle.api.internal.classpath.UnknownModuleException                        : loaded 2 times (x 80B)
Class com.google.common.collect.Maps$EntryTransformer                                 : loaded 2 times (x 68B)
Class com.google.common.collect.ImmutableCollection$Builder                           : loaded 2 times (x 74B)
Class com.google.common.collect.SingletonImmutableBiMap                               : loaded 2 times (x 141B)
Class com.google.common.base.CommonPattern                                            : loaded 2 times (x 72B)
Class com.google.common.base.Suppliers                                                : loaded 2 times (x 69B)
Class com.google.common.cache.LoadingCache                                            : loaded 2 times (x 68B)
Class org.gradle.internal.service.ServiceLookupException                              : loaded 2 times (x 80B)
Class org.gradle.cache.GlobalCache                                                    : loaded 2 times (x 68B)
Class com.google.common.base.CharMatcher$NegatedFastMatcher                           : loaded 2 times (x 111B)
Class [Lorg.gradle.api.internal.ClassPathProvider;                                    : loaded 2 times (x 67B)
Class org.gradle.util.internal.GUtil                                                  : loaded 2 times (x 69B)
Class com.google.common.math.IntMath                                                  : loaded 2 times (x 69B)
Class com.google.common.collect.AbstractIterator                                      : loaded 2 times (x 80B)
Class org.gradle.internal.classloader.ClassLoaderSpec                                 : loaded 2 times (x 69B)
Class com.google.common.base.NullnessCasts                                            : loaded 2 times (x 69B)
Class com.google.common.cache.LocalCache$LocalManualCache                             : loaded 2 times (x 97B)
Class com.google.common.collect.AbstractMapEntry                                      : loaded 2 times (x 79B)
Class com.google.common.base.CharMatcher$Negated                                      : loaded 2 times (x 111B)
Class com.google.common.cache.CacheLoader$1                                           : loaded 2 times (x 73B)
Class com.google.common.collect.ImmutableSet$Builder                                  : loaded 2 times (x 83B)
Class com.google.common.base.CharMatcher$ForPredicate                                 : loaded 2 times (x 110B)
Class com.google.common.collect.ImmutableMap$MapViewOfValuesAsSingletonSets           : loaded 2 times (x 123B)
Class com.google.common.base.MoreObjects                                              : loaded 2 times (x 69B)
Class com.google.common.collect.SortedMapDifference                                   : loaded 2 times (x 68B)
Class com.google.common.cache.CacheStats                                              : loaded 2 times (x 69B)
Class org.gradle.internal.classloader.VisitableURLClassLoader                         : loaded 2 times (x 115B)
Class com.google.common.cache.LocalCache$LocalLoadingCache                            : loaded 2 times (x 132B)
Class com.google.common.base.Supplier                                                 : loaded 2 times (x 68B)
Class com.google.common.collect.ImmutableBiMap                                        : loaded 2 times (x 141B)
Class org.gradle.internal.Cast                                                        : loaded 2 times (x 69B)
Class Build_gradle                                                                    : loaded 2 times (x 70B)
Class org.gradle.api.internal.ClassPathRegistry                                       : loaded 2 times (x 68B)
Class com.google.common.cache.LocalCache$EntryFactory                                 : loaded 2 times (x 81B)
Class com.google.common.util.concurrent.UncheckedExecutionException                   : loaded 2 times (x 80B)
Class com.google.common.collect.ImmutableSet                                          : loaded 2 times (x 143B)
Class org.gradle.internal.classloader.VisitableURLClassLoader$InstrumentingVisitableURLClassLoader: loaded 2 times (x 121B)
Class org.gradle.internal.classloader.ClassLoaderHierarchy                            : loaded 2 times (x 68B)
Class [Lorg.objectweb.asm.Type;                                                       : loaded 2 times (x 67B)
Class com.google.common.base.AbstractIterator$State                                   : loaded 2 times (x 77B)
Class com.google.common.cache.Weigher                                                 : loaded 2 times (x 68B)
Class com.google.common.base.CharMatcher$NamedFastMatcher                             : loaded 2 times (x 110B)
Class org.gradle.internal.InternalTransformer                                         : loaded 2 times (x 68B)
Class org.gradle.internal.service.ServiceLocator                                      : loaded 2 times (x 68B)
Class Settings_gradle$1                                                               : loaded 2 times (x 72B)
Class com.google.common.collect.ImmutableMapEntry                                     : loaded 2 times (x 83B)
Class com.google.common.base.CharMatcher$Invisible                                    : loaded 2 times (x 110B)
Class com.google.common.base.CharMatcher$FastMatcher                                  : loaded 2 times (x 109B)
Class org.gradle.internal.classpath.DefaultClassPath$ImmutableUniqueList              : loaded 2 times (x 159B)
Class com.google.common.base.CharMatcher$JavaLetter                                   : loaded 2 times (x 109B)
Class org.gradle.internal.classpath.TransformedClassPath                              : loaded 2 times (x 94B)
Class com.google.common.collect.MapDifference                                         : loaded 2 times (x 68B)
Class Settings_gradle                                                                 : loaded 2 times (x 126B)
Class com.google.common.collect.Platform                                              : loaded 2 times (x 69B)
Class com.google.common.collect.ImmutableAsList                                       : loaded 2 times (x 169B)
Class com.google.common.util.concurrent.ExecutionError                                : loaded 2 times (x 80B)
Class com.google.common.base.Equivalence$Identity                                     : loaded 2 times (x 80B)
Class com.google.common.base.CharMatcher$AnyOf                                        : loaded 2 times (x 110B)
Class com.google.common.base.CharMatcher$IsEither                                     : loaded 2 times (x 109B)
Class com.google.common.cache.LocalCache                                              : loaded 2 times (x 185B)
Class com.google.common.collect.RegularImmutableList                                  : loaded 2 times (x 172B)
Class com.google.common.base.CharMatcher$JavaUpperCase                                : loaded 2 times (x 109B)
Class com.google.common.collect.Multiset                                              : loaded 2 times (x 68B)
Class com.google.common.collect.ImmutableSet$CachingAsList                            : loaded 2 times (x 145B)
Class com.google.common.collect.ImmutableMapEntry$NonTerminalImmutableMapEntry        : loaded 2 times (x 83B)
Class com.google.common.collect.AbstractMapBasedMultimap                              : loaded 2 times (x 137B)


---------------  S Y S T E M  ---------------

OS:
 Windows 11 , 64 bit Build 22621 (10.0.22621.3958)
OS uptime: 3 days 20:49 hours
Hyper-V role detected

CPU: total 12 (initial active 12) (6 cores per cpu, 2 threads per core) family 6 model 151 stepping 2 microcode 0x35, cx8, cmov, fxsr, ht, mmx, 3dnowpref, sse, sse2, sse3, ssse3, sse4.1, sse4.2, popcnt, lzcnt, tsc, tscinvbit, avx, avx2, aes, erms, clmul, bmi1, bmi2, adx, sha, fma, vzeroupper, clflush, clflushopt, clwb, hv
Processor Information for all 12 processors :
  Max Mhz: 2400, Current Mhz: 2400, Mhz Limit: 2400

Memory: 4k page, system-wide physical 11995M (136M free)
TotalPageFile size 24495M (AvailPageFile size 50M)
current process WorkingSet (physical memory assigned to process): 304M, peak: 304M
current process commit charge ("private bytes"): 372M, peak: 422M

vm_info: OpenJDK 64-Bit Server VM (17.0.11+0--11852314) for windows-amd64 JRE (17.0.11+0--11852314), built on May 16 2024 21:29:20 by "androidbuild" with MS VC++ 16.10 / 16.11 (VS2019)

END.
